#
# A fatal error has been detected by the Java Runtime Environment:
#
#  SIGBUS (0xa) at pc=0x00000001480014f0, pid=45307, tid=34571
#
# JRE version: Java(TM) SE Runtime Environment (18.0.1.1+2) (build 18.0.1.1+2-6)
# Java VM: Java HotSpot(TM) 64-Bit Server VM (18.0.1.1+2-6, mixed mode, sharing, tiered, compressed oops, compressed class ptrs, g1 gc, bsd-aarch64)
# Problematic frame:
# v  ~StubRoutines::SafeFetchN
#
# No core dump will be written. Core dumps have been disabled. To enable core dumping, try "ulimit -c unlimited" before starting Java again
#
# If you would like to submit a bug report, please visit:
#   https://bugreport.java.com/bugreport/crash.jsp
# The crash happened outside the Java Virtual Machine in native code.
# See problematic frame for where to report the bug.
#

---------------  S U M M A R Y ------------

Command Line: -Djava.library.path=/Users/wilsonyou/Downloads/javafx-sdk-18/lib -javaagent:/Applications/IntelliJ IDEA CE.app/Contents/lib/idea_rt.jar=63377:/Applications/IntelliJ IDEA CE.app/Contents/bin -Dfile.encoding=UTF-8 --module-path=/Users/wilsonyou/.m2/repository/org/openjfx/javafx-controls/17.0.0.1/javafx-controls-17.0.0.1-mac-aarch64.jar:/Users/wilsonyou/.m2/repository/org/openjfx/javafx-fxml/17.0.0.1/javafx-fxml-17.0.0.1-mac-aarch64.jar:/Users/wilsonyou/Desktop/HotelApp/target/classes:/Users/wilsonyou/Downloads/javafx-sdk-18/lib/javafx.fxml.jar:/Users/wilsonyou/.m2/repository/org/openjfx/javafx-graphics/17.0.0.1/javafx-graphics-17.0.0.1-mac-aarch64.jar:/Users/wilsonyou/Downloads/javafx-sdk-18/lib/javafx.controls.jar:/Users/wilsonyou/Downloads/javafx-sdk-18/lib/javafx.base.jar:/Users/wilsonyou/.m2/repository/org/openjfx/javafx-base/17.0.0.1/javafx-base-17.0.0.1-mac-aarch64.jar:/Users/wilsonyou/Downloads/javafx-sdk-18/lib/javafx.graphics.jar -Djdk.module.main=com.weixin.hotelapp com.weixin.hotelapp/com.weixin.hotelapp.Hotel

Host: "MacBookPro18,1" arm64, 10 cores, 16G, Darwin 21.4.0, macOS 12.3.1 (21E258)
Time: Mon May 16 01:00:26 2022 EDT elapsed time: 1.253817 seconds (0d 0h 0m 1s)

---------------  T H R E A D  ---------------

Current thread (0x000000011c808800):  JavaThread "InvokeLaterDispatcher" daemon [_thread_in_native, id=34571, stack(0x000000016db88000,0x000000016dd8b000)]

Stack: [0x000000016db88000,0x000000016dd8b000],  sp=0x000000016dd8a7d0,  free space=2057k
Native frames: (J=compiled Java code, j=interpreted, Vv=VM code, C=native code)
v  ~StubRoutines::SafeFetchN
V  [libjvm.dylib+0x7cb69c]  _ZN10OopStorage7releaseEPKP7oopDesc+0x20
V  [libjvm.dylib+0x4f3fd8]  jni_DeleteGlobalRef+0xc0
C  [libglass.dylib+0xab08]  -[GlassRunnable dealloc]+0x34
C  [Foundation+0x85618]  -[_NSThreadPerformInfo dealloc]+0x30
C  [Foundation+0x5198c]  -[NSObject(NSThreadPerformAdditions) performSelectorOnMainThread:withObject:waitUntilDone:]+0x88
C  0xf8610001480098ac
j  com.sun.glass.ui.mac.MacApplication.submitForLaterInvocation(Ljava/lang/Runnable;)V+2 javafx.graphics
j  com.sun.glass.ui.InvokeLaterDispatcher.run()V+82 javafx.graphics
v  ~StubRoutines::call_stub
V  [libjvm.dylib+0x49b554]  _ZN9JavaCalls11call_helperEP9JavaValueRK12methodHandleP17JavaCallArgumentsP10JavaThread+0x38c
V  [libjvm.dylib+0x49a570]  _ZN9JavaCalls12call_virtualEP9JavaValueP5KlassP6SymbolS5_P17JavaCallArgumentsP10JavaThread+0x11c
V  [libjvm.dylib+0x49a63c]  _ZN9JavaCalls12call_virtualEP9JavaValue6HandleP5KlassP6SymbolS6_P10JavaThread+0x64
V  [libjvm.dylib+0x54c7e8]  _ZL12thread_entryP10JavaThreadS0_+0x9c
V  [libjvm.dylib+0x916034]  _ZN10JavaThread17thread_main_innerEv+0xa0
V  [libjvm.dylib+0x914a94]  _ZN6Thread8call_runEv+0xe0
V  [libjvm.dylib+0x7d1e80]  _ZL19thread_native_entryP6Thread+0x158
C  [libsystem_pthread.dylib+0x726c]  _pthread_start+0x94

Java frames: (J=compiled Java code, j=interpreted, Vv=VM code)
j  com.sun.glass.ui.mac.MacApplication._submitForLaterInvocation(Ljava/lang/Runnable;)V+0 javafx.graphics
j  com.sun.glass.ui.mac.MacApplication.submitForLaterInvocation(Ljava/lang/Runnable;)V+2 javafx.graphics
j  com.sun.glass.ui.InvokeLaterDispatcher.run()V+82 javafx.graphics
v  ~StubRoutines::call_stub

siginfo: si_signo: 10 (SIGBUS), si_code: 1 (BUS_ADRALN), si_addr: 0x00000001480014f0

Register to memory mapping:

 x0=0x000000013be0a488 points into unknown readable memory: 0x0000000000000000 | 00 00 00 00 00 00 00 00
 x1=0x0 is NULL
 x2=0x000000070dd55d40 is an oop: com.sun.glass.ui.InvokeLaterDispatcher$Future 
{0x000000070dd55d40} - klass: 'com/sun/glass/ui/InvokeLaterDispatcher$Future'
 - ---- fields (total size 3 words):
 - private 'done' 'Z' @12  true
 - private final 'runnable' 'Ljava/lang/Runnable;' @16  a 'com/sun/javafx/tk/quantum/QuantumToolkit$$Lambda$82+0x0000000800c3add0'{0x000000070e831c80} (e1d06390)
 - final synthetic 'this$0' 'Lcom/sun/glass/ui/InvokeLaterDispatcher;' @20  a 'com/sun/glass/ui/InvokeLaterDispatcher'{0x000000070e80c1b8} (e1d01837)
 x3=0x0 is NULL
 x4=0x00000000000130a8 is an unknown value
 x5=0x0 is NULL
 x6=0x0 is NULL
 x7=0x0 is NULL
 x8=0x00000001480014ec is at begin+0 in a stub
StubRoutines::SafeFetchN [0x00000001480014ec, 0x00000001480014f8] (12 bytes)
 x9=0x0 is NULL
x10=0x2010000030300000 is an unknown value
x11=0x0000000000000007 is an unknown value
x12=0x0000000000000004 is an unknown value
x13=0x0000600001bd5c90 points into unknown readable memory: 0x322980019d11bc40 | 40 bc 11 9d 01 80 29 32
x14=0x00000e0000000000 is an unknown value
x15=0x000000011b1c1f98: OBJC_CLASS_$_GlassRunnable+0 in /Users/wilsonyou/.openjfx/cache/18-ea/libglass.dylib at 0x000000011b17c000
x16=0x000000019d2850fc: pthread_getspecific+0 in /usr/lib/system/libsystem_pthread.dylib at 0x000000019d283000
x17=0x0000600001efde30 points into unknown readable memory: 0xfffffffffffffffe | fe ff ff ff ff ff ff ff
x18=0x0 is NULL
x19=0x0000600001ee8460 points into unknown readable memory: 0x00006000037e5210 | 10 52 7e 03 00 60 00 00
x20=0x000000013be0a280 points into unknown readable memory: 0x00000000000000ff | ff 00 00 00 00 00 00 00
x21=0x000000013be0a488 points into unknown readable memory: 0x0000000000000000 | 00 00 00 00 00 00 00 00
x22=0x000000011c808800 is a thread
x23=0x0000000000000001 is an unknown value
x24=0x000000013be0a440 is a global jni handle
x25=0x0000000106c0aca8: _ZN12StubRoutines17_safefetchN_entryE+0 in /Library/Java/JavaVirtualMachines/jdk-18.0.1.1.jdk/Contents/Home/lib/server/libjvm.dylib at 0x0000000106044000
x26=0x000000015f5223c0 is pointing into metadata
x27=0x0 is NULL
x28=0x000000011c808800 is a thread


Registers:
 x0=0x000000013be0a488  x1=0x0000000000000000  x2=0x000000070dd55d40  x3=0x0000000000000000
 x4=0x00000000000130a8  x5=0x0000000000000000  x6=0x0000000000000000  x7=0x0000000000000000
 x8=0x00000001480014ec  x9=0x0000000000000000 x10=0x2010000030300000 x11=0x0000000000000007
x12=0x0000000000000004 x13=0x0000600001bd5c90 x14=0x00000e0000000000 x15=0x000000011b1c1f98
x16=0x000000019d2850fc x17=0x0000600001efde30 x18=0x0000000000000000 x19=0x0000600001ee8460
x20=0x000000013be0a280 x21=0x000000013be0a488 x22=0x000000011c808800 x23=0x0000000000000001
x24=0x000000013be0a440 x25=0x0000000106c0aca8 x26=0x000000015f5223c0 x27=0x0000000000000000
x28=0x000000011c808800  fp=0x000000016dd8a810  lr=0x000000010680e490  sp=0x000000016dd8a7d0
pc=0x00000001480014f0 cpsr=0x0000000060001000
Top of Stack: (sp=0x000000016dd8a7d0)
0x000000016dd8a7d0:   000000015f5223c0 0000000000000001
0x000000016dd8a7e0:   000000016dd8a9c8 00006000037ac370
0x000000016dd8a7f0:   0000000000000000 000000013be0a448
0x000000016dd8a800:   000000013be0a448 0000600001ee8460
0x000000016dd8a810:   000000016dd8a850 000000010680f69c
0x000000016dd8a820:   0000000000000001 000000013be0a448
0x000000016dd8a830:   0000000000000000 000000013be0a448
0x000000016dd8a840:   0000000000000001 000000013c8e6800
0x000000016dd8a850:   000000016dd8a880 0000000106537fd8
0x000000016dd8a860:   00006000037ac020 00000001e734abe0
0x000000016dd8a870:   0000000000000000 00006000037ac020
0x000000016dd8a880:   000000016dd8a8b0 000000011b186b08
0x000000016dd8a890:   a8633d8e2a9800c2 0000000000000000
0x000000016dd8a8a0:   0000000000000000 00006000020b0080
0x000000016dd8a8b0:   000000016dd8a8f0 000000019e252618
0x000000016dd8a8c0:   000000016dd8a9c8 00006000037ac370
0x000000016dd8a8d0:   00006000037ac020 a8633d8e2a9800c2
0x000000016dd8a8e0:   0000000000000000 0000000000000000
0x000000016dd8a8f0:   000000016dd8a930 fb1780019e21e98c
0x000000016dd8a900:   000000016dd8a9c8 00000001480087c0
0x000000016dd8a910:   0000000000000000 0000000106c12760
0x000000016dd8a920:   000000016dd8a940 0000000148007730
0x000000016dd8a930:   000000016dd8a9a0 f8610001480098ac
0x000000016dd8a940:   000000016dd8a940 00000008007d02cd
0x000000016dd8a950:   000000016dd8a950 0000000000000000
0x000000016dd8a960:   000000016dd8a9c8 000000015f5223c0
0x000000016dd8a970:   000000070e831708 0000000000000000
0x000000016dd8a980:   0000000000000000 000000015f4fa8e8
0x000000016dd8a990:   0000000000000000 000000016dd8a9a0
0x000000016dd8a9a0:   000000016dd8aa20 0000000148005fc8
0x000000016dd8a9b0:   0000000000000000 0000000000000000
0x000000016dd8a9c0:   000000070dd55d40 000000070e831780 

Instructions: (pc=0x00000001480014f0)
0x00000001480013f0:   f2a0d7a9 f2c00029 6d425935 1e640886
0x0000000148001400:   0c402d31 1e6408c7 1f5654d0 1e6c1017
0x0000000148001410:   1f5050d0 1f504cd0 1f5048d0 1e650af6
0x0000000148001420:   1f50d8f6 1f5694d6 1f5158f6 1e762880
0x0000000148001430:   36000501 1e614000 14000026 2e251ca5
0x0000000148001440:   d28e3009 f2a0d7a9 f2c00029 6d425d36
0x0000000148001450:   1e600806 0c402d32 1f5758c7 1e6c101a
0x0000000148001460:   1f4754c7 1e650805 1f4750c7 d2866668
0x0000000148001470:   f2a7fa68 1f474cc7 1e6608c0 1f4748c7
0x0000000148001480:   1e6e1019 eb08007f 540000ac 1f479400
0x0000000148001490:   1f460340 1e603b20 1400000e d2a7fd29
0x00000001480014a0:   eb09007f 540000ac 51480069 d3607d29
0x00000001480014b0:   9e670121 14000002 1e6a5001 1f679417
0x00000001480014c0:   1f668742 1e613b23 1e773857 1e773860
0x00000001480014d0:   a8c17ff3 910003bf a8c17bfd d65f03c0
0x00000001480014e0:   b9400001 aa0103e0 d65f03c0 f9400001
0x00000001480014f0:   aa0103e0 d65f03c0 00000000 00000000
0x0000000148001500:   00000000 00000000 00000000 00000000
0x0000000148001510:   00000000 00000000 00000000 00000000
0x0000000148001520:   00000000 00000000 00000000 00000000
0x0000000148001530:   00000000 00000000 00000000 00000000
0x0000000148001540:   00000000 00000000 00000000 00000000
0x0000000148001550:   00000000 00000000 00000000 00000000
0x0000000148001560:   00000000 00000000 00000000 00000000
0x0000000148001570:   00000000 00000000 00000000 00000000
0x0000000148001580:   00000000 00000000 00000000 00000000
0x0000000148001590:   00000000 00000000 00000000 00000000
0x00000001480015a0:   00000000 00000000 00000000 00000000
0x00000001480015b0:   00000000 00000000 00000000 00000000
0x00000001480015c0:   00000000 00000000 00000000 00000000
0x00000001480015d0:   00000000 00000000 00000000 00000000
0x00000001480015e0:   00000000 00000000 00000000 00000000 


Stack slot to memory mapping:
stack at sp + 0 slots: 0x000000015f5223c0 is pointing into metadata
stack at sp + 1 slots: 0x0000000000000001 is an unknown value
stack at sp + 2 slots: 0x000000016dd8a9c8 is pointing into the stack for thread: 0x000000011c808800
stack at sp + 3 slots: 0x00006000037ac370 points into unknown readable memory: 0x01000001f5a36011 | 11 60 a3 f5 01 00 00 01
stack at sp + 4 slots: 0x0 is NULL
stack at sp + 5 slots: 0x000000013be0a448 is a global jni handle
stack at sp + 6 slots: 0x000000013be0a448 is a global jni handle
stack at sp + 7 slots: 0x0000600001ee8460 points into unknown readable memory: 0x00006000037e5210 | 10 52 7e 03 00 60 00 00

StubRoutines::SafeFetchN [0x00000001480014ec, 0x00000001480014f8] (12 bytes)
[MachCode]
  0x00000001480014ec: 0100 40f9 | e003 01aa | c003 5fd6 
[/MachCode]

---------------  P R O C E S S  ---------------

Threads class SMR info:
_java_thread_list=0x000060000352c860, length=20, elements={
0x000000011c808200, 0x000000013c808800, 0x000000013c809c00, 0x000000013c03b200,
0x000000013d021a00, 0x000000013c03da00, 0x000000013c03e000, 0x000000013c03e600,
0x000000013c046c00, 0x000000013c03b800, 0x000000011a80b400, 0x000000011a80ba00,
0x000000011a80c600, 0x000000011c808800, 0x000000013c8e6800, 0x000000012c064e00,
0x000000011a80ec00, 0x000000013c949c00, 0x000000011c8d1000, 0x000000011c9f2e00
}

Java Threads: ( => current thread )
  0x000000011c808200 JavaThread "main" [_thread_blocked, id=5891, stack(0x000000016b180000,0x000000016b383000)]
  0x000000013c808800 JavaThread "Reference Handler" daemon [_thread_blocked, id=15107, stack(0x000000016bfd4000,0x000000016c1d7000)]
  0x000000013c809c00 JavaThread "Finalizer" daemon [_thread_blocked, id=14851, stack(0x000000016c1e0000,0x000000016c3e3000)]
  0x000000013c03b200 JavaThread "Signal Dispatcher" daemon [_thread_blocked, id=42499, stack(0x000000016c504000,0x000000016c707000)]
  0x000000013d021a00 JavaThread "Service Thread" daemon [_thread_blocked, id=41987, stack(0x000000016c710000,0x000000016c913000)]
  0x000000013c03da00 JavaThread "Monitor Deflation Thread" daemon [_thread_blocked, id=23299, stack(0x000000016c91c000,0x000000016cb1f000)]
  0x000000013c03e000 JavaThread "C2 CompilerThread0" daemon [_thread_blocked, id=41475, stack(0x000000016cb28000,0x000000016cd2b000)]
  0x000000013c03e600 JavaThread "C1 CompilerThread0" daemon [_thread_blocked, id=23811, stack(0x000000016cd34000,0x000000016cf37000)]
  0x000000013c046c00 JavaThread "Sweeper thread" daemon [_thread_blocked, id=41219, stack(0x000000016cf40000,0x000000016d143000)]
  0x000000013c03b800 JavaThread "Common-Cleaner" daemon [_thread_blocked, id=24323, stack(0x000000016d14c000,0x000000016d34f000)]
  0x000000011a80b400 JavaThread "Monitor Ctrl-Break" daemon [_thread_in_native, id=40451, stack(0x000000016d358000,0x000000016d55b000)]
  0x000000011a80ba00 JavaThread "Notification Thread" daemon [_thread_blocked, id=39939, stack(0x000000016d564000,0x000000016d767000)]
  0x000000011a80c600 JavaThread "QuantumRenderer-0" daemon [_thread_blocked, id=39427, stack(0x000000016d97c000,0x000000016db7f000)]
=>0x000000011c808800 JavaThread "InvokeLaterDispatcher" daemon [_thread_in_native, id=34571, stack(0x000000016db88000,0x000000016dd8b000)]
  0x000000013c8e6800 JavaThread "JavaFX Application Thread" [_thread_in_vm, id=259, stack(0x000000016a8f8000,0x000000016b0f4000)]
  0x000000012c064e00 JavaThread "PulseTimer-CVDisplayLink thread" daemon [_thread_in_native, id=51971, stack(0x000000016dd94000,0x000000016de17000)]
  0x000000011a80ec00 JavaThread "JavaFX-Launcher" [_thread_blocked, id=74755, stack(0x000000016e02c000,0x000000016e22f000)]
  0x000000013c949c00 JavaThread "Prism Font Disposer" daemon [_thread_blocked, id=71435, stack(0x000000016ed8c000,0x000000016ef8f000)]
  0x000000011c8d1000 JavaThread "Cleaner-0" daemon [_thread_blocked, id=66827, stack(0x000000016ef98000,0x000000016f19b000)]
  0x000000011c9f2e00 JavaThread "Attach Listener" daemon [_thread_blocked, id=1311, stack(0x000000016f1a4000,0x000000016f3a7000)]

Other Threads:
  0x000000011bf086c0 VMThread "VM Thread" [stack: 0x000000016bdc8000,0x000000016bfcb000] [id=13315]
  0x000000012bf05da0 WatcherThread "VM Periodic Task Thread" [stack: 0x000000016d770000,0x000000016d973000] [id=39683]
  0x000000011bf06a80 WorkerThread "GC Thread#0" [stack: 0x000000016b38c000,0x000000016b58f000] [id=19459]
  0x000000013bf4a0b0 WorkerThread "GC Thread#1" [stack: 0x000000016e238000,0x000000016e43b000] [id=74499]
  0x000000013bf4a350 WorkerThread "GC Thread#2" [stack: 0x000000016e444000,0x000000016e647000] [id=74243]
  0x000000013bf4a7c0 WorkerThread "GC Thread#3" [stack: 0x000000016e650000,0x000000016e853000] [id=73731]
  0x000000013bf4ac30 WorkerThread "GC Thread#4" [stack: 0x000000016e85c000,0x000000016ea5f000] [id=55299]
  0x000000013bf4b0a0 WorkerThread "GC Thread#5" [stack: 0x000000016ea68000,0x000000016ec6b000] [id=55811]
  0x000000011bf07120 ConcurrentGCThread "G1 Main Marker" [stack: 0x000000016b598000,0x000000016b79b000] [id=18947]
  0x000000013be06340 WorkerThread "G1 Conc#0" [stack: 0x000000016b7a4000,0x000000016b9a7000] [id=17923]
  0x000000012be0f3d0 ConcurrentGCThread "G1 Refine#0" [stack: 0x000000016b9b0000,0x000000016bbb3000] [id=12291]
  0x0000000105b04080 ConcurrentGCThread "G1 Service" [stack: 0x000000016bbbc000,0x000000016bdbf000] [id=17155]

Threads with active compile tasks:

VM state: not at safepoint (normal execution)

VM Mutex/Monitor currently owned by a thread: None

Heap address: 0x0000000700000000, size: 4096 MB, Compressed Oops mode: Zero based, Oop shift amount: 3

CDS archive(s) mapped at: [0x0000000800000000-0x0000000800ba8000-0x0000000800ba8000), size 12222464, SharedBaseAddress: 0x0000000800000000, ArchiveRelocationMode: 0.
Compressed class space mapped at: 0x0000000800c00000-0x0000000840c00000, reserved size: 1073741824
Narrow klass base: 0x0000000800000000, Narrow klass shift: 0, Narrow klass range: 0x100000000

GC Precious Log:
 CardTable entry size: 512
 Card Set container configuration: InlinePtr #cards 4 size 8 Array Of Cards #cards 16 size 48 Howl #buckets 8 coarsen threshold 3686 Howl Bitmap #cards 512 size 80 coarsen threshold 460 Card regions per heap region 1 cards per card region 4096
 CPUs: 10 total, 10 available
 Memory: 16384M
 Large Page Support: Disabled
 NUMA Support: Disabled
 Compressed Oops: Enabled (Zero based)
 Heap Region Size: 2M
 Heap Min Capacity: 8M
 Heap Initial Capacity: 256M
 Heap Max Capacity: 4G
 Pre-touch: Disabled
 Parallel Workers: 9
 Concurrent Workers: 2
 Concurrent Refinement Workers: 9
 Periodic GC: Disabled

Heap:
 garbage-first heap   total 266240K, used 37200K [0x0000000700000000, 0x0000000800000000)
  region size 2048K, 19 young (38912K), 2 survivors (4096K)
 Metaspace       used 13507K, committed 13760K, reserved 1114112K
  class space    used 2032K, committed 2112K, reserved 1048576K

Heap Regions: E=young(eden), S=young(survivor), O=old, HS=humongous(starts), HC=humongous(continues), CS=collection set, F=free, OA=open archive, CA=closed archive, TAMS=top-at-mark-start (previous, next)
|   0|0x0000000700000000, 0x0000000700200000, 0x0000000700200000|100%|HS|  |TAMS 0x0000000700000000, 0x0000000700000000| Complete 
|   1|0x0000000700200000, 0x0000000700200000, 0x0000000700400000|  0%| F|  |TAMS 0x0000000700200000, 0x0000000700200000| Untracked 
|   2|0x0000000700400000, 0x0000000700400000, 0x0000000700600000|  0%| F|  |TAMS 0x0000000700400000, 0x0000000700400000| Untracked 
|   3|0x0000000700600000, 0x0000000700600000, 0x0000000700800000|  0%| F|  |TAMS 0x0000000700600000, 0x0000000700600000| Untracked 
|   4|0x0000000700800000, 0x0000000700800000, 0x0000000700a00000|  0%| F|  |TAMS 0x0000000700800000, 0x0000000700800000| Untracked 
|   5|0x0000000700a00000, 0x0000000700a00000, 0x0000000700c00000|  0%| F|  |TAMS 0x0000000700a00000, 0x0000000700a00000| Untracked 
|   6|0x0000000700c00000, 0x0000000700c00000, 0x0000000700e00000|  0%| F|  |TAMS 0x0000000700c00000, 0x0000000700c00000| Untracked 
|   7|0x0000000700e00000, 0x0000000700e00000, 0x0000000701000000|  0%| F|  |TAMS 0x0000000700e00000, 0x0000000700e00000| Untracked 
|   8|0x0000000701000000, 0x0000000701000000, 0x0000000701200000|  0%| F|  |TAMS 0x0000000701000000, 0x0000000701000000| Untracked 
|   9|0x0000000701200000, 0x0000000701200000, 0x0000000701400000|  0%| F|  |TAMS 0x0000000701200000, 0x0000000701200000| Untracked 
|  10|0x0000000701400000, 0x0000000701400000, 0x0000000701600000|  0%| F|  |TAMS 0x0000000701400000, 0x0000000701400000| Untracked 
|  11|0x0000000701600000, 0x0000000701600000, 0x0000000701800000|  0%| F|  |TAMS 0x0000000701600000, 0x0000000701600000| Untracked 
|  12|0x0000000701800000, 0x0000000701800000, 0x0000000701a00000|  0%| F|  |TAMS 0x0000000701800000, 0x0000000701800000| Untracked 
|  13|0x0000000701a00000, 0x0000000701a00000, 0x0000000701c00000|  0%| F|  |TAMS 0x0000000701a00000, 0x0000000701a00000| Untracked 
|  14|0x0000000701c00000, 0x0000000701c00000, 0x0000000701e00000|  0%| F|  |TAMS 0x0000000701c00000, 0x0000000701c00000| Untracked 
|  15|0x0000000701e00000, 0x0000000701e00000, 0x0000000702000000|  0%| F|  |TAMS 0x0000000701e00000, 0x0000000701e00000| Untracked 
|  16|0x0000000702000000, 0x0000000702000000, 0x0000000702200000|  0%| F|  |TAMS 0x0000000702000000, 0x0000000702000000| Untracked 
|  17|0x0000000702200000, 0x0000000702200000, 0x0000000702400000|  0%| F|  |TAMS 0x0000000702200000, 0x0000000702200000| Untracked 
|  18|0x0000000702400000, 0x0000000702400000, 0x0000000702600000|  0%| F|  |TAMS 0x0000000702400000, 0x0000000702400000| Untracked 
|  19|0x0000000702600000, 0x0000000702600000, 0x0000000702800000|  0%| F|  |TAMS 0x0000000702600000, 0x0000000702600000| Untracked 
|  20|0x0000000702800000, 0x0000000702800000, 0x0000000702a00000|  0%| F|  |TAMS 0x0000000702800000, 0x0000000702800000| Untracked 
|  21|0x0000000702a00000, 0x0000000702a00000, 0x0000000702c00000|  0%| F|  |TAMS 0x0000000702a00000, 0x0000000702a00000| Untracked 
|  22|0x0000000702c00000, 0x0000000702c00000, 0x0000000702e00000|  0%| F|  |TAMS 0x0000000702c00000, 0x0000000702c00000| Untracked 
|  23|0x0000000702e00000, 0x0000000702e00000, 0x0000000703000000|  0%| F|  |TAMS 0x0000000702e00000, 0x0000000702e00000| Untracked 
|  24|0x0000000703000000, 0x0000000703000000, 0x0000000703200000|  0%| F|  |TAMS 0x0000000703000000, 0x0000000703000000| Untracked 
|  25|0x0000000703200000, 0x0000000703200000, 0x0000000703400000|  0%| F|  |TAMS 0x0000000703200000, 0x0000000703200000| Untracked 
|  26|0x0000000703400000, 0x0000000703400000, 0x0000000703600000|  0%| F|  |TAMS 0x0000000703400000, 0x0000000703400000| Untracked 
|  27|0x0000000703600000, 0x0000000703600000, 0x0000000703800000|  0%| F|  |TAMS 0x0000000703600000, 0x0000000703600000| Untracked 
|  28|0x0000000703800000, 0x0000000703800000, 0x0000000703a00000|  0%| F|  |TAMS 0x0000000703800000, 0x0000000703800000| Untracked 
|  29|0x0000000703a00000, 0x0000000703a00000, 0x0000000703c00000|  0%| F|  |TAMS 0x0000000703a00000, 0x0000000703a00000| Untracked 
|  30|0x0000000703c00000, 0x0000000703c00000, 0x0000000703e00000|  0%| F|  |TAMS 0x0000000703c00000, 0x0000000703c00000| Untracked 
|  31|0x0000000703e00000, 0x0000000703e00000, 0x0000000704000000|  0%| F|  |TAMS 0x0000000703e00000, 0x0000000703e00000| Untracked 
|  32|0x0000000704000000, 0x0000000704000000, 0x0000000704200000|  0%| F|  |TAMS 0x0000000704000000, 0x0000000704000000| Untracked 
|  33|0x0000000704200000, 0x0000000704200000, 0x0000000704400000|  0%| F|  |TAMS 0x0000000704200000, 0x0000000704200000| Untracked 
|  34|0x0000000704400000, 0x0000000704400000, 0x0000000704600000|  0%| F|  |TAMS 0x0000000704400000, 0x0000000704400000| Untracked 
|  35|0x0000000704600000, 0x0000000704600000, 0x0000000704800000|  0%| F|  |TAMS 0x0000000704600000, 0x0000000704600000| Untracked 
|  36|0x0000000704800000, 0x0000000704800000, 0x0000000704a00000|  0%| F|  |TAMS 0x0000000704800000, 0x0000000704800000| Untracked 
|  37|0x0000000704a00000, 0x0000000704a00000, 0x0000000704c00000|  0%| F|  |TAMS 0x0000000704a00000, 0x0000000704a00000| Untracked 
|  38|0x0000000704c00000, 0x0000000704c00000, 0x0000000704e00000|  0%| F|  |TAMS 0x0000000704c00000, 0x0000000704c00000| Untracked 
|  39|0x0000000704e00000, 0x0000000704e00000, 0x0000000705000000|  0%| F|  |TAMS 0x0000000704e00000, 0x0000000704e00000| Untracked 
|  40|0x0000000705000000, 0x0000000705000000, 0x0000000705200000|  0%| F|  |TAMS 0x0000000705000000, 0x0000000705000000| Untracked 
|  41|0x0000000705200000, 0x0000000705200000, 0x0000000705400000|  0%| F|  |TAMS 0x0000000705200000, 0x0000000705200000| Untracked 
|  42|0x0000000705400000, 0x0000000705400000, 0x0000000705600000|  0%| F|  |TAMS 0x0000000705400000, 0x0000000705400000| Untracked 
|  43|0x0000000705600000, 0x0000000705600000, 0x0000000705800000|  0%| F|  |TAMS 0x0000000705600000, 0x0000000705600000| Untracked 
|  44|0x0000000705800000, 0x0000000705800000, 0x0000000705a00000|  0%| F|  |TAMS 0x0000000705800000, 0x0000000705800000| Untracked 
|  45|0x0000000705a00000, 0x0000000705a00000, 0x0000000705c00000|  0%| F|  |TAMS 0x0000000705a00000, 0x0000000705a00000| Untracked 
|  46|0x0000000705c00000, 0x0000000705c00000, 0x0000000705e00000|  0%| F|  |TAMS 0x0000000705c00000, 0x0000000705c00000| Untracked 
|  47|0x0000000705e00000, 0x0000000705e00000, 0x0000000706000000|  0%| F|  |TAMS 0x0000000705e00000, 0x0000000705e00000| Untracked 
|  48|0x0000000706000000, 0x0000000706000000, 0x0000000706200000|  0%| F|  |TAMS 0x0000000706000000, 0x0000000706000000| Untracked 
|  49|0x0000000706200000, 0x0000000706200000, 0x0000000706400000|  0%| F|  |TAMS 0x0000000706200000, 0x0000000706200000| Untracked 
|  50|0x0000000706400000, 0x0000000706400000, 0x0000000706600000|  0%| F|  |TAMS 0x0000000706400000, 0x0000000706400000| Untracked 
|  51|0x0000000706600000, 0x0000000706600000, 0x0000000706800000|  0%| F|  |TAMS 0x0000000706600000, 0x0000000706600000| Untracked 
|  52|0x0000000706800000, 0x0000000706800000, 0x0000000706a00000|  0%| F|  |TAMS 0x0000000706800000, 0x0000000706800000| Untracked 
|  53|0x0000000706a00000, 0x0000000706a00000, 0x0000000706c00000|  0%| F|  |TAMS 0x0000000706a00000, 0x0000000706a00000| Untracked 
|  54|0x0000000706c00000, 0x0000000706c00000, 0x0000000706e00000|  0%| F|  |TAMS 0x0000000706c00000, 0x0000000706c00000| Untracked 
|  55|0x0000000706e00000, 0x0000000706e00000, 0x0000000707000000|  0%| F|  |TAMS 0x0000000706e00000, 0x0000000706e00000| Untracked 
|  56|0x0000000707000000, 0x0000000707000000, 0x0000000707200000|  0%| F|  |TAMS 0x0000000707000000, 0x0000000707000000| Untracked 
|  57|0x0000000707200000, 0x0000000707200000, 0x0000000707400000|  0%| F|  |TAMS 0x0000000707200000, 0x0000000707200000| Untracked 
|  58|0x0000000707400000, 0x0000000707400000, 0x0000000707600000|  0%| F|  |TAMS 0x0000000707400000, 0x0000000707400000| Untracked 
|  59|0x0000000707600000, 0x0000000707600000, 0x0000000707800000|  0%| F|  |TAMS 0x0000000707600000, 0x0000000707600000| Untracked 
|  60|0x0000000707800000, 0x0000000707800000, 0x0000000707a00000|  0%| F|  |TAMS 0x0000000707800000, 0x0000000707800000| Untracked 
|  61|0x0000000707a00000, 0x0000000707a00000, 0x0000000707c00000|  0%| F|  |TAMS 0x0000000707a00000, 0x0000000707a00000| Untracked 
|  62|0x0000000707c00000, 0x0000000707c00000, 0x0000000707e00000|  0%| F|  |TAMS 0x0000000707c00000, 0x0000000707c00000| Untracked 
|  63|0x0000000707e00000, 0x0000000707e00000, 0x0000000708000000|  0%| F|  |TAMS 0x0000000707e00000, 0x0000000707e00000| Untracked 
|  64|0x0000000708000000, 0x0000000708000000, 0x0000000708200000|  0%| F|  |TAMS 0x0000000708000000, 0x0000000708000000| Untracked 
|  65|0x0000000708200000, 0x0000000708200000, 0x0000000708400000|  0%| F|  |TAMS 0x0000000708200000, 0x0000000708200000| Untracked 
|  66|0x0000000708400000, 0x0000000708400000, 0x0000000708600000|  0%| F|  |TAMS 0x0000000708400000, 0x0000000708400000| Untracked 
|  67|0x0000000708600000, 0x0000000708600000, 0x0000000708800000|  0%| F|  |TAMS 0x0000000708600000, 0x0000000708600000| Untracked 
|  68|0x0000000708800000, 0x0000000708800000, 0x0000000708a00000|  0%| F|  |TAMS 0x0000000708800000, 0x0000000708800000| Untracked 
|  69|0x0000000708a00000, 0x0000000708a00000, 0x0000000708c00000|  0%| F|  |TAMS 0x0000000708a00000, 0x0000000708a00000| Untracked 
|  70|0x0000000708c00000, 0x0000000708c00000, 0x0000000708e00000|  0%| F|  |TAMS 0x0000000708c00000, 0x0000000708c00000| Untracked 
|  71|0x0000000708e00000, 0x0000000708e00000, 0x0000000709000000|  0%| F|  |TAMS 0x0000000708e00000, 0x0000000708e00000| Untracked 
|  72|0x0000000709000000, 0x0000000709000000, 0x0000000709200000|  0%| F|  |TAMS 0x0000000709000000, 0x0000000709000000| Untracked 
|  73|0x0000000709200000, 0x0000000709200000, 0x0000000709400000|  0%| F|  |TAMS 0x0000000709200000, 0x0000000709200000| Untracked 
|  74|0x0000000709400000, 0x0000000709400000, 0x0000000709600000|  0%| F|  |TAMS 0x0000000709400000, 0x0000000709400000| Untracked 
|  75|0x0000000709600000, 0x0000000709600000, 0x0000000709800000|  0%| F|  |TAMS 0x0000000709600000, 0x0000000709600000| Untracked 
|  76|0x0000000709800000, 0x0000000709800000, 0x0000000709a00000|  0%| F|  |TAMS 0x0000000709800000, 0x0000000709800000| Untracked 
|  77|0x0000000709a00000, 0x0000000709a00000, 0x0000000709c00000|  0%| F|  |TAMS 0x0000000709a00000, 0x0000000709a00000| Untracked 
|  78|0x0000000709c00000, 0x0000000709c00000, 0x0000000709e00000|  0%| F|  |TAMS 0x0000000709c00000, 0x0000000709c00000| Untracked 
|  79|0x0000000709e00000, 0x0000000709e00000, 0x000000070a000000|  0%| F|  |TAMS 0x0000000709e00000, 0x0000000709e00000| Untracked 
|  80|0x000000070a000000, 0x000000070a000000, 0x000000070a200000|  0%| F|  |TAMS 0x000000070a000000, 0x000000070a000000| Untracked 
|  81|0x000000070a200000, 0x000000070a200000, 0x000000070a400000|  0%| F|  |TAMS 0x000000070a200000, 0x000000070a200000| Untracked 
|  82|0x000000070a400000, 0x000000070a400000, 0x000000070a600000|  0%| F|  |TAMS 0x000000070a400000, 0x000000070a400000| Untracked 
|  83|0x000000070a600000, 0x000000070a600000, 0x000000070a800000|  0%| F|  |TAMS 0x000000070a600000, 0x000000070a600000| Untracked 
|  84|0x000000070a800000, 0x000000070a800000, 0x000000070aa00000|  0%| F|  |TAMS 0x000000070a800000, 0x000000070a800000| Untracked 
|  85|0x000000070aa00000, 0x000000070aa00000, 0x000000070ac00000|  0%| F|  |TAMS 0x000000070aa00000, 0x000000070aa00000| Untracked 
|  86|0x000000070ac00000, 0x000000070ac00000, 0x000000070ae00000|  0%| F|  |TAMS 0x000000070ac00000, 0x000000070ac00000| Untracked 
|  87|0x000000070ae00000, 0x000000070ae00000, 0x000000070b000000|  0%| F|  |TAMS 0x000000070ae00000, 0x000000070ae00000| Untracked 
|  88|0x000000070b000000, 0x000000070b000000, 0x000000070b200000|  0%| F|  |TAMS 0x000000070b000000, 0x000000070b000000| Untracked 
|  89|0x000000070b200000, 0x000000070b200000, 0x000000070b400000|  0%| F|  |TAMS 0x000000070b200000, 0x000000070b200000| Untracked 
|  90|0x000000070b400000, 0x000000070b400000, 0x000000070b600000|  0%| F|  |TAMS 0x000000070b400000, 0x000000070b400000| Untracked 
|  91|0x000000070b600000, 0x000000070b600000, 0x000000070b800000|  0%| F|  |TAMS 0x000000070b600000, 0x000000070b600000| Untracked 
|  92|0x000000070b800000, 0x000000070b800000, 0x000000070ba00000|  0%| F|  |TAMS 0x000000070b800000, 0x000000070b800000| Untracked 
|  93|0x000000070ba00000, 0x000000070ba00000, 0x000000070bc00000|  0%| F|  |TAMS 0x000000070ba00000, 0x000000070ba00000| Untracked 
|  94|0x000000070bc00000, 0x000000070bc00000, 0x000000070be00000|  0%| F|  |TAMS 0x000000070bc00000, 0x000000070bc00000| Untracked 
|  95|0x000000070be00000, 0x000000070be00000, 0x000000070c000000|  0%| F|  |TAMS 0x000000070be00000, 0x000000070be00000| Untracked 
|  96|0x000000070c000000, 0x000000070c000000, 0x000000070c200000|  0%| F|  |TAMS 0x000000070c000000, 0x000000070c000000| Untracked 
|  97|0x000000070c200000, 0x000000070c200000, 0x000000070c400000|  0%| F|  |TAMS 0x000000070c200000, 0x000000070c200000| Untracked 
|  98|0x000000070c400000, 0x000000070c400000, 0x000000070c600000|  0%| F|  |TAMS 0x000000070c400000, 0x000000070c400000| Untracked 
|  99|0x000000070c600000, 0x000000070c600000, 0x000000070c800000|  0%| F|  |TAMS 0x000000070c600000, 0x000000070c600000| Untracked 
| 100|0x000000070c800000, 0x000000070c800000, 0x000000070ca00000|  0%| F|  |TAMS 0x000000070c800000, 0x000000070c800000| Untracked 
| 101|0x000000070ca00000, 0x000000070ca00000, 0x000000070cc00000|  0%| F|  |TAMS 0x000000070ca00000, 0x000000070ca00000| Untracked 
| 102|0x000000070cc00000, 0x000000070cc00000, 0x000000070ce00000|  0%| F|  |TAMS 0x000000070cc00000, 0x000000070cc00000| Untracked 
| 103|0x000000070ce00000, 0x000000070ce00000, 0x000000070d000000|  0%| F|  |TAMS 0x000000070ce00000, 0x000000070ce00000| Untracked 
| 104|0x000000070d000000, 0x000000070d000000, 0x000000070d200000|  0%| F|  |TAMS 0x000000070d000000, 0x000000070d000000| Untracked 
| 105|0x000000070d200000, 0x000000070d200000, 0x000000070d400000|  0%| F|  |TAMS 0x000000070d200000, 0x000000070d200000| Untracked 
| 106|0x000000070d400000, 0x000000070d400000, 0x000000070d600000|  0%| F|  |TAMS 0x000000070d400000, 0x000000070d400000| Untracked 
| 107|0x000000070d600000, 0x000000070d600000, 0x000000070d800000|  0%| F|  |TAMS 0x000000070d600000, 0x000000070d600000| Untracked 
| 108|0x000000070d800000, 0x000000070d800000, 0x000000070da00000|  0%| F|  |TAMS 0x000000070d800000, 0x000000070d800000| Untracked 
| 109|0x000000070da00000, 0x000000070da7f8d8, 0x000000070dc00000| 24%| E|  |TAMS 0x000000070da00000, 0x000000070da00000| Complete 
| 110|0x000000070dc00000, 0x000000070de00000, 0x000000070de00000|100%| E|CS|TAMS 0x000000070dc00000, 0x000000070dc00000| Complete 
| 111|0x000000070de00000, 0x000000070e000000, 0x000000070e000000|100%| E|CS|TAMS 0x000000070de00000, 0x000000070de00000| Complete 
| 112|0x000000070e000000, 0x000000070e200000, 0x000000070e200000|100%| E|CS|TAMS 0x000000070e000000, 0x000000070e000000| Complete 
| 113|0x000000070e200000, 0x000000070e400000, 0x000000070e400000|100%| E|CS|TAMS 0x000000070e200000, 0x000000070e200000| Complete 
| 114|0x000000070e400000, 0x000000070e600000, 0x000000070e600000|100%| E|  |TAMS 0x000000070e400000, 0x000000070e400000| Complete 
| 115|0x000000070e600000, 0x000000070e66c000, 0x000000070e800000| 21%| S|CS|TAMS 0x000000070e600000, 0x000000070e600000| Complete 
| 116|0x000000070e800000, 0x000000070ea00000, 0x000000070ea00000|100%| S|CS|TAMS 0x000000070e800000, 0x000000070e800000| Complete 
| 117|0x000000070ea00000, 0x000000070ec00000, 0x000000070ec00000|100%| E|CS|TAMS 0x000000070ea00000, 0x000000070ea00000| Complete 
| 118|0x000000070ec00000, 0x000000070ee00000, 0x000000070ee00000|100%| E|CS|TAMS 0x000000070ec00000, 0x000000070ec00000| Complete 
| 119|0x000000070ee00000, 0x000000070f000000, 0x000000070f000000|100%| E|CS|TAMS 0x000000070ee00000, 0x000000070ee00000| Complete 
| 120|0x000000070f000000, 0x000000070f200000, 0x000000070f200000|100%| E|CS|TAMS 0x000000070f000000, 0x000000070f000000| Complete 
| 121|0x000000070f200000, 0x000000070f400000, 0x000000070f400000|100%| E|CS|TAMS 0x000000070f200000, 0x000000070f200000| Complete 
| 122|0x000000070f400000, 0x000000070f600000, 0x000000070f600000|100%| E|CS|TAMS 0x000000070f400000, 0x000000070f400000| Complete 
| 123|0x000000070f600000, 0x000000070f800000, 0x000000070f800000|100%| E|CS|TAMS 0x000000070f600000, 0x000000070f600000| Complete 
| 124|0x000000070f800000, 0x000000070fa00000, 0x000000070fa00000|100%| E|CS|TAMS 0x000000070f800000, 0x000000070f800000| Complete 
| 125|0x000000070fa00000, 0x000000070fc00000, 0x000000070fc00000|100%| E|CS|TAMS 0x000000070fa00000, 0x000000070fa00000| Complete 
| 126|0x000000070fc00000, 0x000000070fe00000, 0x000000070fe00000|100%| E|CS|TAMS 0x000000070fc00000, 0x000000070fc00000| Complete 
| 127|0x000000070fe00000, 0x0000000710000000, 0x0000000710000000|100%| E|CS|TAMS 0x000000070fe00000, 0x000000070fe00000| Complete 
|2046|0x00000007ffc00000, 0x00000007ffd74000, 0x00000007ffe00000| 72%|OA|  |TAMS 0x00000007ffc00000, 0x00000007ffc00000| Untracked 
|2047|0x00000007ffe00000, 0x00000007ffe74000, 0x0000000800000000| 22%|CA|  |TAMS 0x00000007ffe00000, 0x00000007ffe00000| Untracked 

Card table byte_map: [0x000000010e864000,0x000000010f064000] _byte_map_base: 0x000000010b064000

Marking Bits (Prev, Next): (CMBitMap*) 0x000000011c831c10, (CMBitMap*) 0x000000011c831c50
 Prev Bits: [0x0000000157000000, 0x000000015b000000)
 Next Bits: [0x000000015b000000, 0x000000015f000000)

Polling page: 0x0000000104e90000

Metaspace:

Usage:
  Non-class:     11.21 MB used.
      Class:      1.99 MB used.
       Both:     13.19 MB used.

Virtual space:
  Non-class space:       64.00 MB reserved,      11.38 MB ( 18%) committed,  1 nodes.
      Class space:        1.00 GB reserved,       2.06 MB ( <1%) committed,  1 nodes.
             Both:        1.06 GB reserved,      13.44 MB (  1%) committed. 

Chunk freelists:
   Non-Class:  3.92 MB
       Class:  1.77 MB
        Both:  5.69 MB

MaxMetaspaceSize: unlimited
CompressedClassSpaceSize: 1.00 GB
Initial GC threshold: 21.00 MB
Current GC threshold: 21.00 MB
CDS: on
MetaspaceReclaimPolicy: balanced
 - commit_granule_bytes: 65536.
 - commit_granule_words: 8192.
 - virtual_space_node_default_size: 8388608.
 - enlarge_chunks_in_place: 1.
 - new_chunks_are_fully_committed: 0.
 - uncommit_free_chunks: 1.
 - use_allocation_guard: 0.


Internal statistics:

num_allocs_failed_limit: 0.
num_arena_births: 218.
num_arena_deaths: 0.
num_vsnodes_births: 2.
num_vsnodes_deaths: 0.
num_space_committed: 215.
num_space_uncommitted: 0.
num_chunks_returned_to_freelist: 0.
num_chunks_taken_from_freelist: 634.
num_chunk_merges: 0.
num_chunk_splits: 459.
num_chunks_enlarged: 366.
num_inconsistent_stats: 0.

CodeHeap 'non-profiled nmethods': size=120032Kb used=601Kb max_used=601Kb free=119431Kb
 bounds [0x000000014fac8000, 0x000000014fd38000, 0x0000000157000000]
CodeHeap 'profiled nmethods': size=120016Kb used=3179Kb max_used=3179Kb free=116836Kb
 bounds [0x0000000148594000, 0x00000001488b4000, 0x000000014fac8000]
CodeHeap 'non-nmethods': size=5712Kb used=1383Kb max_used=1438Kb free=4328Kb
 bounds [0x0000000148000000, 0x0000000148270000, 0x0000000148594000]
 total_blobs=2427 nmethods=1673 adapters=670
 compilation: enabled
              stopped_count=0, restarted_count=0
 full_count=0

Compilation events (20 events):
Event: 1.219 Thread 0x000000013c03e000 1739       4       sun.misc.Unsafe::getByte (8 bytes)
Event: 1.219 Thread 0x000000013c03e600 1740       3       java.util.Arrays::fill (28 bytes)
Event: 1.219 Thread 0x000000013c03e600 nmethod 1740 0x00000001488ab190 code [0x00000001488ab340, 0x00000001488ab598]
Event: 1.219 Thread 0x000000013c03e000 nmethod 1739 0x000000014fb5d810 code [0x000000014fb5d980, 0x000000014fb5da20]
Event: 1.219 Thread 0x000000013c03e600 1741       3       com.sun.marlin.MaskMarlinAlphaConsumer::setAndClearRelativeAlphas (263 bytes)
Event: 1.219 Thread 0x000000013c03e600 nmethod 1741 0x00000001488ab710 code [0x00000001488aba00, 0x00000001488ac708]
Event: 1.220 Thread 0x000000013c03e600 1742       1       com.sun.javafx.geom.transform.AffineBase::getMxy (5 bytes)
Event: 1.220 Thread 0x000000013c03e600 nmethod 1742 0x000000014fb5db10 code [0x000000014fb5dc80, 0x000000014fb5dd68]
Event: 1.220 Thread 0x000000013c03e600 1743       3       java.lang.Math::floor (5 bytes)
Event: 1.220 Thread 0x000000013c03e600 nmethod 1743 0x00000001488ace90 code [0x00000001488ad040, 0x00000001488ad198]
Event: 1.220 Thread 0x000000013c03e600 1744       3       java.lang.StrictMath::floor (12 bytes)
Event: 1.220 Thread 0x000000013c03e600 nmethod 1744 0x00000001488ad290 code [0x00000001488ad440, 0x00000001488ad598]
Event: 1.220 Thread 0x000000013c03e600 1745       1       com.sun.javafx.geom.transform.AffineBase::getMxx (5 bytes)
Event: 1.220 Thread 0x000000013c03e600 nmethod 1745 0x000000014fb5de10 code [0x000000014fb5df80, 0x000000014fb5e068]
Event: 1.235 Thread 0x000000013c03e600 1746       3       javafx.scene.Parent::setLayoutFlag (32 bytes)
Event: 1.236 Thread 0x000000013c03e600 nmethod 1746 0x00000001488ad690 code [0x00000001488ad840, 0x00000001488adb58]
Event: 1.244 Thread 0x000000013c03e600 1747       3       java.util.concurrent.locks.AbstractQueuedSynchronizer::release (19 bytes)
Event: 1.244 Thread 0x000000013c03e600 nmethod 1747 0x00000001488adc90 code [0x00000001488adec0, 0x00000001488ae3f8]
Event: 1.244 Thread 0x000000013c03e600 1748       1       java.lang.Thread::isInterrupted (5 bytes)
Event: 1.244 Thread 0x000000013c03e600 nmethod 1748 0x000000014fb5e110 code [0x000000014fb5e280, 0x000000014fb5e368]

GC Heap History (2 events):
Event: 0.318 GC heap before
{Heap before GC invocations=0 (full 0):
 garbage-first heap   total 266240K, used 24480K [0x0000000700000000, 0x0000000800000000)
  region size 2048K, 11 young (22528K), 0 survivors (0K)
 Metaspace       used 5317K, committed 5568K, reserved 1114112K
  class space    used 608K, committed 704K, reserved 1048576K
}
Event: 0.320 GC heap after
{Heap after GC invocations=1 (full 0):
 garbage-first heap   total 266240K, used 4432K [0x0000000700000000, 0x0000000800000000)
  region size 2048K, 2 young (4096K), 2 survivors (4096K)
 Metaspace       used 5317K, committed 5568K, reserved 1114112K
  class space    used 608K, committed 704K, reserved 1048576K
}

Deoptimization events (20 events):
Event: 0.568 Thread 0x000000013c8e6800 Uncommon trap: trap_request=0xffffffc6 fr.pc=0x000000014fb1e808 relative=0x0000000000000288
Event: 0.568 Thread 0x000000013c8e6800 Uncommon trap: reason=bimorphic_or_optimized_type_check action=maybe_recompile pc=0x000000014fb1e808 method=java.util.concurrent.ConcurrentHashMap.get(Ljava/lang/Object;)Ljava/lang/Object; @ 149 c2
Event: 0.568 Thread 0x000000013c8e6800 DEOPT PACKING pc=0x000000014fb1e808 sp=0x000000016b0ed5c0
Event: 0.568 Thread 0x000000013c8e6800 DEOPT UNPACKING pc=0x000000014803ed1c sp=0x000000016b0ed530 mode 2
Event: 0.652 Thread 0x000000013c8e6800 Uncommon trap: trap_request=0xffffff45 fr.pc=0x000000014fb372e4 relative=0x0000000000000da4
Event: 0.652 Thread 0x000000013c8e6800 Uncommon trap: reason=unstable_if action=reinterpret pc=0x000000014fb372e4 method=java.util.concurrent.ConcurrentHashMap.putVal(Ljava/lang/Object;Ljava/lang/Object;Z)Ljava/lang/Object; @ 148 c2
Event: 0.652 Thread 0x000000013c8e6800 DEOPT PACKING pc=0x000000014fb372e4 sp=0x000000016b0eca80
Event: 0.652 Thread 0x000000013c8e6800 DEOPT UNPACKING pc=0x000000014803ed1c sp=0x000000016b0ec990 mode 2
Event: 0.653 Thread 0x000000013c8e6800 Uncommon trap: trap_request=0xffffff45 fr.pc=0x000000014fad5838 relative=0x00000000000000f8
Event: 0.653 Thread 0x000000013c8e6800 Uncommon trap: reason=unstable_if action=reinterpret pc=0x000000014fad5838 method=java.lang.StringLatin1.lastIndexOf([BI[BII)I @ 86 c2
Event: 0.653 Thread 0x000000013c8e6800 DEOPT PACKING pc=0x000000014fad5838 sp=0x000000016b0eccc0
Event: 0.653 Thread 0x000000013c8e6800 DEOPT UNPACKING pc=0x000000014803ed1c sp=0x000000016b0ecc20 mode 2
Event: 0.748 Thread 0x000000011a80c600 DEOPT PACKING pc=0x00000001487972cc sp=0x000000016db7b240
Event: 0.748 Thread 0x000000011a80c600 DEOPT UNPACKING pc=0x000000014803eb7c sp=0x000000016db7afa0 mode 3
Event: 0.805 Thread 0x000000011a80c600 DEOPT PACKING pc=0x000000014888fa04 sp=0x000000016db7ced0
Event: 0.805 Thread 0x000000011a80c600 DEOPT UNPACKING pc=0x000000014803eb7c sp=0x000000016db7cb30 mode 0
Event: 0.806 Thread 0x000000011a80c600 DEOPT PACKING pc=0x000000014888fa04 sp=0x000000016db7ced0
Event: 0.806 Thread 0x000000011a80c600 DEOPT UNPACKING pc=0x000000014803eb7c sp=0x000000016db7cb30 mode 0
Event: 1.119 Thread 0x000000011c9f2e00 DEOPT PACKING pc=0x00000001488687a4 sp=0x000000016f3a5d00
Event: 1.119 Thread 0x000000011c9f2e00 DEOPT UNPACKING pc=0x000000014803eb7c sp=0x000000016f3a5a60 mode 3

Classes loaded (20 events):
Event: 1.116 Loading class sun/util/calendar/ZoneInfoFile$Checksum
Event: 1.116 Loading class sun/util/calendar/ZoneInfoFile$Checksum done
Event: 1.117 Loading class sun/util/locale/provider/TimeZoneNameUtility
Event: 1.117 Loading class sun/util/locale/provider/TimeZoneNameUtility done
Event: 1.117 Loading class sun/util/locale/provider/TimeZoneNameUtility$TimeZoneNameGetter
Event: 1.117 Loading class sun/util/locale/provider/TimeZoneNameUtility$TimeZoneNameGetter done
Event: 1.117 Loading class sun/util/cldr/CLDRTimeZoneNameProviderImpl
Event: 1.117 Loading class sun/util/locale/provider/TimeZoneNameProviderImpl
Event: 1.117 Loading class sun/util/locale/provider/TimeZoneNameProviderImpl done
Event: 1.117 Loading class sun/util/cldr/CLDRTimeZoneNameProviderImpl done
Event: 1.118 Loading class sun/util/resources/cldr/TimeZoneNames
Event: 1.118 Loading class sun/util/resources/TimeZoneNamesBundle
Event: 1.118 Loading class sun/util/resources/OpenListResourceBundle
Event: 1.118 Loading class sun/util/resources/OpenListResourceBundle done
Event: 1.118 Loading class sun/util/resources/TimeZoneNamesBundle done
Event: 1.118 Loading class sun/util/resources/cldr/TimeZoneNames done
Event: 1.118 Loading class sun/util/resources/cldr/TimeZoneNames_en
Event: 1.118 Loading class sun/util/resources/cldr/TimeZoneNames_en done
Event: 1.118 Loading class sun/util/resources/cldr/TimeZoneNames_en_US
Event: 1.118 Loading class sun/util/resources/cldr/TimeZoneNames_en_US done

Classes unloaded (0 events):
No events

Classes redefined (0 events):
No events

Internal exceptions (20 events):
Event: 0.428 Thread 0x000000013c8e6800 Implicit null exception at 0x000000014faed7f8 to 0x000000014faed888
Event: 0.433 Thread 0x000000013c8e6800 Implicit null exception at 0x000000014fb1b614 to 0x000000014fb1b9d8
Event: 0.434 Thread 0x000000013c8e6800 Implicit null exception at 0x000000014fb1a9d4 to 0x000000014fb1abc4
Event: 0.437 Thread 0x000000013c8e6800 Exception <a 'java/lang/ClassNotFoundException'{0x000000070f314478}: com/sun/javafx/scene/control/skin/resources/controls> (0x000000070f314478) 
thrown [open/src/hotspot/share/prims/jni.cpp, line 535]
Event: 0.438 Thread 0x000000013c8e6800 Exception <a 'java/lang/ClassNotFoundException'{0x000000070f326240}: com/sun/javafx/scene/control/skin/resources/controls_en> (0x000000070f326240) 
thrown [open/src/hotspot/share/prims/jni.cpp, line 535]
Event: 0.438 Thread 0x000000013c8e6800 Exception <a 'java/lang/ClassNotFoundException'{0x000000070f326f20}: com/sun/javafx/scene/control/skin/resources/controls_en_CA> (0x000000070f326f20) 
thrown [open/src/hotspot/share/prims/jni.cpp, line 535]
Event: 0.438 Thread 0x000000013c8e6800 Implicit null exception at 0x000000014faee454 to 0x000000014faee4c0
Event: 0.559 Thread 0x000000013c8e6800 Exception <a 'java/lang/NoSuchMethodError'{0x000000070ecf7898}: 'java.lang.Object java.lang.invoke.DirectMethodHandle$Holder.invokeInterface(java.lang.Object, java.lang.Object, java.lang.Object)'> (0x000000070ecf7898) 
thrown [open/src/hotspot/share/interpreter/linkResolver.cpp, line 766]
Event: 0.559 Thread 0x000000013c8e6800 Exception <a 'java/lang/IncompatibleClassChangeError'{0x000000070ecfb218}: Found class java.lang.Object, but interface was expected> (0x000000070ecfb218) 
thrown [open/src/hotspot/share/interpreter/linkResolver.cpp, line 833]
Event: 0.607 Thread 0x000000013c8e6800 Exception <a 'java/lang/NoSuchMethodError'{0x000000070e5a0df0}: 'void java.lang.invoke.DirectMethodHandle$Holder.invokeSpecial(java.lang.Object, java.lang.Object, java.lang.Object, java.lang.Object, java.lang.Object, java.lang.Object)'> (0x000000070e5a0df0) 
thrown [open/src/hotspot/share/interpreter/linkResolver.cpp, line 766]
Event: 0.644 Thread 0x000000013c8e6800 Exception <a 'java/lang/NoSuchMethodError'{0x000000070e069f38}: 'int java.lang.invoke.DirectMethodHandle$Holder.invokeSpecial(java.lang.Object, java.lang.Object, int)'> (0x000000070e069f38) 
thrown [open/src/hotspot/share/interpreter/linkResolver.cpp, line 766]
Event: 0.644 Thread 0x000000013c8e6800 Exception <a 'java/lang/NoSuchMethodError'{0x000000070e0855d0}: 'int java.lang.invoke.DirectMethodHandle$Holder.invokeSpecial(java.lang.Object, java.lang.Object, java.lang.Object, int)'> (0x000000070e0855d0) 
thrown [open/src/hotspot/share/interpreter/linkResolver.cpp, line 766]
Event: 0.645 Thread 0x000000013c8e6800 Exception <a 'java/lang/NoSuchMethodError'{0x000000070e097da0}: 'java.lang.Object java.lang.invoke.DirectMethodHandle$Holder.invokeStatic(java.lang.Object, java.lang.Object, java.lang.Object, java.lang.Object, int)'> (0x000000070e097da0) 
thrown [open/src/hotspot/share/interpreter/linkResolver.cpp, line 766]
Event: 0.645 Thread 0x000000013c8e6800 Exception <a 'java/lang/NoSuchMethodError'{0x000000070e0a0828}: 'int java.lang.invoke.DirectMethodHandle$Holder.invokeSpecial(java.lang.Object, java.lang.Object, java.lang.Object)'> (0x000000070e0a0828) 
thrown [open/src/hotspot/share/interpreter/linkResolver.cpp, line 766]
Event: 0.660 Thread 0x000000013c8e6800 Exception <a 'java/lang/NoSuchMethodError'{0x000000070e113aa8}: 'java.lang.Object java.lang.invoke.DirectMethodHandle$Holder.newInvokeSpecial(java.lang.Object, java.lang.Object, int)'> (0x000000070e113aa8) 
thrown [open/src/hotspot/share/interpreter/linkResolver.cpp, line 766]
Event: 0.714 Thread 0x000000011a80c600 Exception <a 'java/lang/NoSuchMethodError'{0x000000070e1c0660}: 'int java.lang.invoke.DirectMethodHandle$Holder.invokeStaticInit(java.lang.Object, java.lang.Object)'> (0x000000070e1c0660) 
thrown [open/src/hotspot/share/interpreter/linkResolver.cpp, line 766]
Event: 0.719 Thread 0x000000013c8e6800 Exception <a 'java/lang/NoSuchMethodError'{0x000000070e1e2c08}: 'long java.lang.invoke.DirectMethodHandle$Holder.invokeStatic(java.lang.Object, java.lang.Object, java.lang.Object)'> (0x000000070e1e2c08) 
thrown [open/src/hotspot/share/interpreter/linkResolver.cpp, line 766]
Event: 0.719 Thread 0x000000013c8e6800 Exception <a 'java/lang/NoSuchMethodError'{0x000000070e1e6650}: 'long java.lang.invoke.DirectMethodHandle$Holder.invokeStaticInit(java.lang.Object, java.lang.Object, java.lang.Object)'> (0x000000070e1e6650) 
thrown [open/src/hotspot/share/interpreter/linkResolver.cpp, line 766]
Event: 0.720 Thread 0x000000013c8e6800 Exception <a 'java/lang/NoSuchMethodError'{0x000000070de68e10}: 'java.lang.Object java.lang.invoke.DirectMethodHandle$Holder.newInvokeSpecial(java.lang.Object, java.lang.Object, long)'> (0x000000070de68e10) 
thrown [open/src/hotspot/share/interpreter/linkResolver.cpp, line 766]
Event: 0.720 Thread 0x000000013c8e6800 Exception <a 'java/lang/NoSuchMethodError'{0x000000070de6c988}: 'java.lang.Object java.lang.invoke.Invokers$Holder.linkToTargetMethod(java.lang.Object, long, java.lang.Object)'> (0x000000070de6c988) 
thrown [open/src/hotspot/share/interpreter/linkResolver.cpp, line 766]

VM Operations (20 events):
Event: 0.058 Executing VM operation: HandshakeAllThreads
Event: 0.058 Executing VM operation: HandshakeAllThreads done
Event: 0.058 Executing VM operation: HandshakeAllThreads
Event: 0.058 Executing VM operation: HandshakeAllThreads done
Event: 0.070 Executing VM operation: HandshakeAllThreads
Event: 0.070 Executing VM operation: HandshakeAllThreads done
Event: 0.125 Executing VM operation: ICBufferFull
Event: 0.126 Executing VM operation: ICBufferFull done
Event: 0.318 Executing VM operation: G1CollectForAllocation
Event: 0.320 Executing VM operation: G1CollectForAllocation done
Event: 0.345 Executing VM operation: HandshakeAllThreads
Event: 0.345 Executing VM operation: HandshakeAllThreads done
Event: 0.428 Executing VM operation: ICBufferFull
Event: 0.428 Executing VM operation: ICBufferFull done
Event: 0.551 Executing VM operation: HandshakeAllThreads
Event: 0.551 Executing VM operation: HandshakeAllThreads done
Event: 0.576 Executing VM operation: ICBufferFull
Event: 0.576 Executing VM operation: ICBufferFull done
Event: 0.809 Executing VM operation: ICBufferFull
Event: 0.809 Executing VM operation: ICBufferFull done

Events (20 events):
Event: 0.188 Protecting memory [0x000000016db88000,0x000000016db94000] with protection modes 0
Event: 0.189 Protecting memory [0x000000016a8f8000,0x000000016a904000] with protection modes 0
Event: 0.189 Thread 0x000000013c8e6800 Thread added: 0x000000013c8e6800
Event: 0.217 Thread 0x000000013c80ca00 Thread added: 0x000000013c80ca00
Event: 0.217 Protecting memory [0x000000016dd94000,0x000000016dda0000] with protection modes 0
Event: 0.263 Protecting memory [0x000000016dd94000,0x000000016dda0000] with protection modes 3
Event: 0.263 Thread 0x000000013c80ca00 Thread exited: 0x000000013c80ca00
Event: 0.294 Protecting memory [0x000000016dd94000,0x000000016dda0000] with protection modes 0
Event: 0.294 Thread 0x000000012c064e00 Thread added: 0x000000012c064e00
Event: 0.300 Thread 0x000000011a80ec00 Thread added: 0x000000011a80ec00
Event: 0.300 Protecting memory [0x000000016e02c000,0x000000016e038000] with protection modes 0
Event: 0.336 Loading shared library /Users/wilsonyou/.m2/repository/org/openjfx/javafx-graphics/17.0.0.1/libjavafx_font.dylib failed, dlopen(/Users/wilsonyou/.m2/repository/org/openjfx/javafx-graphics/17.0.0.1/libjavafx_font.dylib, 0x0001): tried: '/Users/wilsonyou/.m
Event: 0.340 Loaded shared library /Users/wilsonyou/.openjfx/cache/18-ea/libjavafx_font.dylib
Event: 0.421 Loaded shared library /Library/Java/JavaVirtualMachines/jdk-18.0.1.1.jdk/Contents/Home/lib/libjimage.dylib
Event: 0.556 Thread 0x000000013c949c00 Thread added: 0x000000013c949c00
Event: 0.556 Protecting memory [0x000000016ed8c000,0x000000016ed98000] with protection modes 0
Event: 0.745 Thread 0x000000011c8d1000 Thread added: 0x000000011c8d1000
Event: 0.745 Protecting memory [0x000000016ef98000,0x000000016efa4000] with protection modes 0
Event: 1.010 Thread 0x000000011c9f2e00 Thread added: 0x000000011c9f2e00
Event: 1.010 Protecting memory [0x000000016f1a4000,0x000000016f1b0000] with protection modes 0


Dynamic libraries:
0x0000000104e40000 	/Library/Java/JavaVirtualMachines/jdk-18.0.1.1.jdk/Contents/Home/lib/libjli.dylib
0x00000001a7d18000 	/usr/lib/libz.1.dylib
0x00000001a7dcf000 	/usr/lib/libSystem.B.dylib
0x00000001a7dc9000 	/usr/lib/system/libcache.dylib
0x00000001a7d87000 	/usr/lib/system/libcommonCrypto.dylib
0x00000001a7db0000 	/usr/lib/system/libcompiler_rt.dylib
0x00000001a7da7000 	/usr/lib/system/libcopyfile.dylib
0x000000019d00f000 	/usr/lib/system/libcorecrypto.dylib
0x000000019d0c2000 	/usr/lib/system/libdispatch.dylib
0x000000019d290000 	/usr/lib/system/libdyld.dylib
0x00000001a7dbf000 	/usr/lib/system/libkeymgr.dylib
0x00000001a7d62000 	/usr/lib/system/libmacho.dylib
0x00000001a7457000 	/usr/lib/system/libquarantine.dylib
0x00000001a7dbc000 	/usr/lib/system/libremovefile.dylib
0x00000001a23f8000 	/usr/lib/system/libsystem_asl.dylib
0x000000019cfb1000 	/usr/lib/system/libsystem_blocks.dylib
0x000000019d14a000 	/usr/lib/system/libsystem_c.dylib
0x00000001a7db4000 	/usr/lib/system/libsystem_collections.dylib
0x00000001a68e5000 	/usr/lib/system/libsystem_configuration.dylib
0x00000001a5b41000 	/usr/lib/system/libsystem_containermanager.dylib
0x00000001a7ac4000 	/usr/lib/system/libsystem_coreservices.dylib
0x000000019f9b8000 	/usr/lib/system/libsystem_darwin.dylib
0x00000001a7dc0000 	/usr/lib/system/libsystem_dnssd.dylib
0x000000019d147000 	/usr/lib/system/libsystem_featureflags.dylib
0x000000019d2a5000 	/usr/lib/system/libsystem_info.dylib
0x00000001a7d2a000 	/usr/lib/system/libsystem_m.dylib
0x000000019d097000 	/usr/lib/system/libsystem_malloc.dylib
0x00000001a2387000 	/usr/lib/system/libsystem_networkextension.dylib
0x000000019fe11000 	/usr/lib/system/libsystem_notify.dylib
0x00000001ae10d000 	/usr/lib/system/libsystem_product_info_filter.dylib
0x00000001a68ea000 	/usr/lib/system/libsystem_sandbox.dylib
0x00000001a7db9000 	/usr/lib/system/libsystem_secinit.dylib
0x000000019d24b000 	/usr/lib/system/libsystem_kernel.dylib
0x000000019d29d000 	/usr/lib/system/libsystem_platform.dylib
0x000000019d283000 	/usr/lib/system/libsystem_pthread.dylib
0x00000001a3b50000 	/usr/lib/system/libsystem_symptoms.dylib
0x000000019cff5000 	/usr/lib/system/libsystem_trace.dylib
0x00000001a7d94000 	/usr/lib/system/libunwind.dylib
0x000000019cfb3000 	/usr/lib/system/libxpc.dylib
0x000000019d233000 	/usr/lib/libc++abi.dylib
0x000000019d109000 	/usr/lib/libobjc.A.dylib
0x00000001a7d9f000 	/usr/lib/liboah.dylib
0x000000019d1cc000 	/usr/lib/libc++.1.dylib
0x00000001b3c26000 	/System/Library/Frameworks/Cocoa.framework/Versions/A/Cocoa
0x000000019fe72000 	/System/Library/Frameworks/AppKit.framework/Versions/C/AppKit
0x00000001a3378000 	/System/Library/Frameworks/CoreData.framework/Versions/A/CoreData
0x000000019e1cd000 	/System/Library/Frameworks/Foundation.framework/Versions/C/Foundation
0x00000001a0d2a000 	/System/Library/PrivateFrameworks/UIFoundation.framework/Versions/A/UIFoundation
0x00000001ade07000 	/System/Library/PrivateFrameworks/RemoteViewServices.framework/Versions/A/RemoteViewServices
0x00000001a628d000 	/System/Library/PrivateFrameworks/XCTTargetBootstrap.framework/Versions/A/XCTTargetBootstrap
0x00000001a9b0b000 	/System/Library/PrivateFrameworks/InternationalSupport.framework/Versions/A/InternationalSupport
0x00000001a9b94000 	/System/Library/PrivateFrameworks/UserActivity.framework/Versions/A/UserActivity
0x00000001a9006000 	/usr/lib/libspindump.dylib
0x00000001a0f9b000 	/System/Library/Frameworks/UniformTypeIdentifiers.framework/Versions/A/UniformTypeIdentifiers
0x00000001a47d8000 	/usr/lib/libapp_launch_measurement.dylib
0x00000001a3d02000 	/System/Library/PrivateFrameworks/CoreAnalytics.framework/Versions/A/CoreAnalytics
0x00000001a47db000 	/System/Library/PrivateFrameworks/CoreAutoLayout.framework/Versions/A/CoreAutoLayout
0x00000001a5b7e000 	/System/Library/Frameworks/Metal.framework/Versions/A/Metal
0x00000001a68f5000 	/usr/lib/liblangid.dylib
0x00000001a6292000 	/System/Library/PrivateFrameworks/CoreSVG.framework/Versions/A/CoreSVG
0x00000001a242c000 	/System/Library/PrivateFrameworks/SkyLight.framework/Versions/A/SkyLight
0x00000001a2801000 	/System/Library/Frameworks/CoreGraphics.framework/Versions/A/CoreGraphics
0x00000001ae4d3000 	/System/Library/Frameworks/Accelerate.framework/Versions/A/Accelerate
0x00000001a8a7d000 	/System/Library/PrivateFrameworks/IconServices.framework/Versions/A/IconServices
0x00000001a5b60000 	/System/Library/Frameworks/IOSurface.framework/Versions/A/IOSurface
0x00000001a3d33000 	/usr/lib/libDiagnosticMessagesClient.dylib
0x00000001b19d4000 	/System/Library/Frameworks/ApplicationServices.framework/Versions/A/ApplicationServices
0x00000001a6275000 	/System/Library/PrivateFrameworks/DFRFoundation.framework/Versions/A/DFRFoundation
0x000000019f702000 	/usr/lib/libicucore.A.dylib
0x00000001aa9b7000 	/System/Library/Frameworks/AudioToolbox.framework/Versions/A/AudioToolbox
0x00000001a9b17000 	/System/Library/PrivateFrameworks/DataDetectorsCore.framework/Versions/A/DataDetectorsCore
0x00000001c0457000 	/System/Library/PrivateFrameworks/TextInput.framework/Versions/A/TextInput
0x00000001a23a1000 	/usr/lib/libMobileGestalt.dylib
0x00000001a5f41000 	/System/Library/Frameworks/Carbon.framework/Versions/A/Frameworks/HIToolbox.framework/Versions/A/HIToolbox
0x00000001a41b4000 	/System/Library/Frameworks/QuartzCore.framework/Versions/A/QuartzCore
0x000000019f385000 	/System/Library/Frameworks/Security.framework/Versions/A/Security
0x00000001ade47000 	/System/Library/Frameworks/Carbon.framework/Versions/A/Frameworks/SpeechRecognition.framework/Versions/A/SpeechRecognition
0x00000001a452e000 	/System/Library/PrivateFrameworks/CoreUI.framework/Versions/A/CoreUI
0x000000019ec62000 	/System/Library/Frameworks/CoreAudio.framework/Versions/A/CoreAudio
0x00000001a3e28000 	/System/Library/Frameworks/DiskArbitration.framework/Versions/A/DiskArbitration
0x00000001a9410000 	/System/Library/PrivateFrameworks/MultitouchSupport.framework/Versions/A/MultitouchSupport
0x00000001a239f000 	/usr/lib/libenergytrace.dylib
0x000000019fd3a000 	/System/Library/Frameworks/IOKit.framework/Versions/A/IOKit
0x00000001ae236000 	/System/Library/Frameworks/CoreServices.framework/Versions/A/CoreServices
0x00000001a4768000 	/System/Library/PrivateFrameworks/PerformanceAnalysis.framework/Versions/A/PerformanceAnalysis
0x00000001fe73f000 	/System/Library/Frameworks/OpenGL.framework/Versions/A/OpenGL
0x00000001a736f000 	/System/Library/PrivateFrameworks/MobileKeyBag.framework/Versions/A/MobileKeyBag
0x00000001a2e0e000 	/System/Library/Frameworks/ColorSync.framework/Versions/A/ColorSync
0x000000019d2d2000 	/System/Library/Frameworks/CoreFoundation.framework/Versions/A/CoreFoundation
0x00000001a6511000 	/System/Library/Frameworks/CoreImage.framework/Versions/A/CoreImage
0x000000019ea86000 	/System/Library/Frameworks/CoreText.framework/Versions/A/CoreText
0x00000001a62c2000 	/System/Library/Frameworks/ImageIO.framework/Versions/A/ImageIO
0x00000001a7dd5000 	/System/Library/PrivateFrameworks/SoftLinking.framework/Versions/A/SoftLinking
0x00000001a4826000 	/usr/lib/libxml2.2.dylib
0x00000001a806e000 	/usr/lib/libcompression.dylib
0x00000001a9a67000 	/System/Library/PrivateFrameworks/TextureIO.framework/Versions/A/TextureIO
0x00000001a8796000 	/usr/lib/libate.dylib
0x00000001a865b000 	/usr/lib/liblzma.5.dylib
0x000000019dec1000 	/System/Library/Frameworks/SystemConfiguration.framework/Versions/A/SystemConfiguration
0x00000001a7dd1000 	/usr/lib/libfakelink.dylib
0x00000001a1ed3000 	/System/Library/Frameworks/CFNetwork.framework/Versions/A/CFNetwork
0x00000001a7f17000 	/usr/lib/libarchive.2.dylib
0x00000001a68f1000 	/System/Library/PrivateFrameworks/AppleSystemInfo.framework/Versions/A/AppleSystemInfo
0x00000001a7482000 	/usr/lib/libbsm.0.dylib
0x00000001a1444000 	/usr/lib/libnetwork.dylib
0x00000001a7d6b000 	/usr/lib/system/libkxld.dylib
0x00000001a7095000 	/System/Library/PrivateFrameworks/IOMobileFramebuffer.framework/Versions/A/IOMobileFramebuffer
0x000000021c06b000 	/usr/lib/libCoreEntitlements.dylib
0x00000001a7aa6000 	/System/Library/PrivateFrameworks/AppleFSCompression.framework/Versions/A/AppleFSCompression
0x00000001a746a000 	/usr/lib/libcoretls.dylib
0x00000001a8674000 	/usr/lib/libcoretls_cfhelpers.dylib
0x00000001a8069000 	/usr/lib/libpam.2.dylib
0x00000001a3767000 	/usr/lib/libsqlite3.dylib
0x00000001a86dd000 	/usr/lib/libxar.1.dylib
0x00000001a7ab7000 	/usr/lib/libbz2.1.0.dylib
0x00000001a7dd6000 	/usr/lib/libpcap.A.dylib
0x00000001a3b47000 	/usr/lib/libdns_services.dylib
0x00000001a803c000 	/usr/lib/libapple_nghttp2.dylib
0x00000001a7e13000 	/usr/lib/libiconv.2.dylib
0x00000001a7d61000 	/usr/lib/libcharset.1.dylib
0x00000001a47a4000 	/System/Library/Frameworks/CoreServices.framework/Versions/A/Frameworks/FSEvents.framework/Versions/A/FSEvents
0x000000019f9c3000 	/System/Library/Frameworks/CoreServices.framework/Versions/A/Frameworks/CarbonCore.framework/Versions/A/CarbonCore
0x00000001a3d88000 	/System/Library/Frameworks/CoreServices.framework/Versions/A/Frameworks/Metadata.framework/Versions/A/Metadata
0x00000001a7aca000 	/System/Library/Frameworks/CoreServices.framework/Versions/A/Frameworks/OSServices.framework/Versions/A/OSServices
0x00000001a7f9d000 	/System/Library/Frameworks/CoreServices.framework/Versions/A/Frameworks/SearchKit.framework/Versions/A/SearchKit
0x00000001a3ad6000 	/System/Library/Frameworks/CoreServices.framework/Versions/A/Frameworks/AE.framework/Versions/A/AE
0x000000019d818000 	/System/Library/Frameworks/CoreServices.framework/Versions/A/Frameworks/LaunchServices.framework/Versions/A/LaunchServices
0x00000001a8604000 	/System/Library/Frameworks/CoreServices.framework/Versions/A/Frameworks/DictionaryServices.framework/Versions/A/DictionaryServices
0x00000001a47b1000 	/System/Library/Frameworks/CoreServices.framework/Versions/A/Frameworks/SharedFileList.framework/Versions/A/SharedFileList
0x00000001a745a000 	/usr/lib/libCheckFix.dylib
0x00000001a2410000 	/System/Library/PrivateFrameworks/TCC.framework/Versions/A/TCC
0x00000001a68f7000 	/System/Library/PrivateFrameworks/CoreNLP.framework/Versions/A/CoreNLP
0x00000001a3d36000 	/System/Library/PrivateFrameworks/MetadataUtilities.framework/Versions/A/MetadataUtilities
0x000000019df7a000 	/usr/lib/libmecabra.dylib
0x00000001a7493000 	/usr/lib/libmecab.dylib
0x000000019df46000 	/usr/lib/libCRFSuite.dylib
0x00000001a74f0000 	/usr/lib/libgermantok.dylib
0x00000001a8015000 	/usr/lib/libThaiTokenizer.dylib
0x00000001a3e30000 	/System/Library/Frameworks/Accelerate.framework/Versions/A/Frameworks/vImage.framework/Versions/A/vImage
0x00000001ae20d000 	/System/Library/Frameworks/Accelerate.framework/Versions/A/Frameworks/vecLib.framework/Versions/A/vecLib
0x00000001a8722000 	/System/Library/Frameworks/Accelerate.framework/Versions/A/Frameworks/vecLib.framework/Versions/A/libvMisc.dylib
0x00000001a6f9c000 	/System/Library/Frameworks/Accelerate.framework/Versions/A/Frameworks/vecLib.framework/Versions/A/libvDSP.dylib
0x000000019dba1000 	/System/Library/Frameworks/Accelerate.framework/Versions/A/Frameworks/vecLib.framework/Versions/A/libBLAS.dylib
0x00000001a813f000 	/System/Library/Frameworks/Accelerate.framework/Versions/A/Frameworks/vecLib.framework/Versions/A/libLAPACK.dylib
0x00000001a74f3000 	/System/Library/Frameworks/Accelerate.framework/Versions/A/Frameworks/vecLib.framework/Versions/A/libLinearAlgebra.dylib
0x00000001a8054000 	/System/Library/Frameworks/Accelerate.framework/Versions/A/Frameworks/vecLib.framework/Versions/A/libSparseBLAS.dylib
0x00000001a813a000 	/System/Library/Frameworks/Accelerate.framework/Versions/A/Frameworks/vecLib.framework/Versions/A/libQuadrature.dylib
0x00000001a69f0000 	/System/Library/Frameworks/Accelerate.framework/Versions/A/Frameworks/vecLib.framework/Versions/A/libBNNS.dylib
0x000000019de5f000 	/System/Library/Frameworks/Accelerate.framework/Versions/A/Frameworks/vecLib.framework/Versions/A/libSparse.dylib
0x00000001a69e8000 	/System/Library/PrivateFrameworks/LinguisticData.framework/Versions/A/LinguisticData
0x000000019de17000 	/System/Library/PrivateFrameworks/Lexicon.framework/Versions/A/Lexicon
0x00000001a871a000 	/usr/lib/libChineseTokenizer.dylib
0x000000019e5be000 	/System/Library/PrivateFrameworks/LanguageModeling.framework/Versions/A/LanguageModeling
0x00000001a8017000 	/System/Library/PrivateFrameworks/AppleSauce.framework/Versions/A/AppleSauce
0x00000001a7082000 	/System/Library/PrivateFrameworks/CoreEmoji.framework/Versions/A/CoreEmoji
0x00000001a7f05000 	/usr/lib/libcmph.dylib
0x00000001a4784000 	/System/Library/Frameworks/OpenDirectory.framework/Versions/A/Frameworks/CFOpenDirectory.framework/Versions/A/CFOpenDirectory
0x00000001a4774000 	/System/Library/Frameworks/OpenDirectory.framework/Versions/A/OpenDirectory
0x00000001a8676000 	/System/Library/PrivateFrameworks/APFS.framework/Versions/A/APFS
0x00000001a73aa000 	/System/Library/Frameworks/SecurityFoundation.framework/Versions/A/SecurityFoundation
0x00000001a86ec000 	/usr/lib/libutil.dylib
0x000000019fcfc000 	/System/Library/PrivateFrameworks/CoreServicesStore.framework/Versions/A/CoreServicesStore
0x00000001a86f0000 	/usr/lib/libxslt.1.dylib
0x00000001a743e000 	/System/Library/PrivateFrameworks/BackgroundTaskManagement.framework/Versions/A/BackgroundTaskManagement
0x00000001a9988000 	/System/Library/Frameworks/ImageIO.framework/Versions/A/Resources/libRadiance.dylib
0x00000001a9991000 	/System/Library/Frameworks/ImageIO.framework/Versions/A/Resources/libJPEG.dylib
0x00000001a98e4000 	/System/Library/Frameworks/ImageIO.framework/Versions/A/Resources/libPng.dylib
0x00000001a9906000 	/System/Library/Frameworks/ImageIO.framework/Versions/A/Resources/libTIFF.dylib
0x00000001a99ec000 	/System/Library/Frameworks/ImageIO.framework/Versions/A/Resources/libGIF.dylib
0x00000001a9320000 	/System/Library/Frameworks/ImageIO.framework/Versions/A/Resources/libJP2.dylib
0x00000001a8a42000 	/usr/lib/libexpat.1.dylib
0x00000001a92db000 	/System/Library/PrivateFrameworks/AppleJPEG.framework/Versions/A/AppleJPEG
0x00000001a5dfd000 	/System/Library/PrivateFrameworks/FontServices.framework/libFontParser.dylib
0x00000001a3a7b000 	/System/Library/PrivateFrameworks/RunningBoardServices.framework/Versions/A/RunningBoardServices
0x00000001b42f9000 	/System/Library/PrivateFrameworks/IOSurfaceAccelerator.framework/Versions/A/IOSurfaceAccelerator
0x00000001a940c000 	/System/Library/PrivateFrameworks/WatchdogClient.framework/Versions/A/WatchdogClient
0x000000019e6c2000 	/System/Library/Frameworks/CoreDisplay.framework/Versions/A/CoreDisplay
0x00000001a5ce7000 	/System/Library/Frameworks/CoreMedia.framework/Versions/A/CoreMedia
0x00000001a5b74000 	/System/Library/PrivateFrameworks/IOAccelerator.framework/Versions/A/IOAccelerator
0x00000001a4914000 	/System/Library/Frameworks/CoreVideo.framework/Versions/A/CoreVideo
0x00000001a8067000 	/System/Library/Frameworks/MetalPerformanceShaders.framework/Versions/A/MetalPerformanceShaders
0x00000001a944b000 	/System/Library/Frameworks/VideoToolbox.framework/Versions/A/VideoToolbox
0x00000001a39bf000 	/System/Library/PrivateFrameworks/BaseBoard.framework/Versions/A/BaseBoard
0x00000001a374d000 	/System/Library/PrivateFrameworks/ProtocolBuffer.framework/Versions/A/ProtocolBuffer
0x00000001a9983000 	/System/Library/PrivateFrameworks/GPUWrangler.framework/Versions/A/GPUWrangler
0x00000001a9963000 	/System/Library/PrivateFrameworks/IOPresentment.framework/Versions/A/IOPresentment
0x00000001a998b000 	/System/Library/PrivateFrameworks/DSExternalDisplay.framework/Versions/A/DSExternalDisplay
0x00000001fe732000 	/System/Library/Frameworks/OpenGL.framework/Versions/A/Libraries/libCoreFSCache.dylib
0x0000000208bf1000 	/System/Library/PrivateFrameworks/GPUCompiler.framework/Versions/31001/Libraries/libGPUCompilerUtils.dylib
0x00000001a99f1000 	/System/Library/PrivateFrameworks/CMCaptureCore.framework/Versions/A/CMCaptureCore
0x00000001a8ff3000 	/System/Library/PrivateFrameworks/AppServerSupport.framework/Versions/A/AppServerSupport
0x00000001ab274000 	/System/Library/PrivateFrameworks/perfdata.framework/Versions/A/perfdata
0x000000019e7e2000 	/System/Library/PrivateFrameworks/AudioToolboxCore.framework/Versions/A/AudioToolboxCore
0x00000001a5cc0000 	/System/Library/PrivateFrameworks/caulk.framework/Versions/A/caulk
0x00000001aab69000 	/usr/lib/libAudioStatistics.dylib
0x00000001bcabe000 	/System/Library/PrivateFrameworks/SystemPolicy.framework/Versions/A/SystemPolicy
0x00000001aadd5000 	/usr/lib/libSMC.dylib
0x00000001b3b08000 	/System/Library/Frameworks/CoreMIDI.framework/Versions/A/CoreMIDI
0x00000001a98b2000 	/usr/lib/libAudioToolboxUtility.dylib
0x00000001b8b8b000 	/System/Library/PrivateFrameworks/OSAServicesClient.framework/Versions/A/OSAServicesClient
0x00000001ab281000 	/usr/lib/libperfcheck.dylib
0x00000001bd5d6000 	/usr/lib/libmis.dylib
0x00000001fe794000 	/System/Library/Frameworks/OpenGL.framework/Versions/A/Libraries/libGLU.dylib
0x00000001fe753000 	/System/Library/Frameworks/OpenGL.framework/Versions/A/Libraries/libGFXShared.dylib
0x00000001fe940000 	/System/Library/Frameworks/OpenGL.framework/Versions/A/Libraries/libGL.dylib
0x00000001fe75c000 	/System/Library/Frameworks/OpenGL.framework/Versions/A/Libraries/libGLImage.dylib
0x00000001fe750000 	/System/Library/Frameworks/OpenGL.framework/Versions/A/Libraries/libCVMSPluginSupport.dylib
0x00000001fe739000 	/System/Library/Frameworks/OpenGL.framework/Versions/A/Libraries/libCoreVMClient.dylib
0x00000001a6871000 	/System/Library/Frameworks/MetalPerformanceShaders.framework/Versions/A/Frameworks/MPSCore.framework/Versions/A/MPSCore
0x00000001a7a19000 	/System/Library/Frameworks/MetalPerformanceShaders.framework/Versions/A/Frameworks/MPSImage.framework/Versions/A/MPSImage
0x00000001a7508000 	/System/Library/Frameworks/MetalPerformanceShaders.framework/Versions/A/Frameworks/MPSNeuralNetwork.framework/Versions/A/MPSNeuralNetwork
0x00000001a7941000 	/System/Library/Frameworks/MetalPerformanceShaders.framework/Versions/A/Frameworks/MPSMatrix.framework/Versions/A/MPSMatrix
0x00000001a771a000 	/System/Library/Frameworks/MetalPerformanceShaders.framework/Versions/A/Frameworks/MPSRayIntersector.framework/Versions/A/MPSRayIntersector
0x00000001a7972000 	/System/Library/Frameworks/MetalPerformanceShaders.framework/Versions/A/Frameworks/MPSNDArray.framework/Versions/A/MPSNDArray
0x00000002008ab000 	/System/Library/Frameworks/MetalPerformanceShaders.framework/Versions/A/Frameworks/MPSFunctions.framework/Versions/A/MPSFunctions
0x000000019da78000 	/System/Library/PrivateFrameworks/MetalTools.framework/Versions/A/MetalTools
0x00000001a68ef000 	/System/Library/PrivateFrameworks/AggregateDictionary.framework/Versions/A/AggregateDictionary
0x00000001a8827000 	/usr/lib/libIOReport.dylib
0x00000001b2b26000 	/System/Library/PrivateFrameworks/ASEProcessing.framework/Versions/A/ASEProcessing
0x00000001a8b9c000 	/System/Library/PrivateFrameworks/FaceCore.framework/Versions/A/FaceCore
0x00000001a8b8e000 	/System/Library/PrivateFrameworks/GraphVisualizer.framework/Versions/A/GraphVisualizer
0x0000000208b08000 	/System/Library/PrivateFrameworks/FontServices.framework/Versions/A/FontServices
0x00000001a8faf000 	/System/Library/PrivateFrameworks/OTSVG.framework/Versions/A/OTSVG
0x00000001a44de000 	/System/Library/Frameworks/ApplicationServices.framework/Versions/A/Frameworks/ATS.framework/Versions/A/Resources/libFontRegistry.dylib
0x00000001a8ffc000 	/System/Library/PrivateFrameworks/FontServices.framework/libhvf.dylib
0x0000000208b09000 	/System/Library/PrivateFrameworks/FontServices.framework/libXTFontStaticRegistryData.dylib
0x00000001feae1000 	/System/Library/Frameworks/OpenCL.framework/Versions/A/OpenCL
0x00000001a89f6000 	/System/Library/PrivateFrameworks/AppleVA.framework/Versions/A/AppleVA
0x00000001aab91000 	/System/Library/Frameworks/ApplicationServices.framework/Versions/A/Frameworks/ATS.framework/Versions/A/ATS
0x00000001a2f0b000 	/System/Library/Frameworks/ApplicationServices.framework/Versions/A/Frameworks/HIServices.framework/Versions/A/HIServices
0x00000001a99fb000 	/System/Library/Frameworks/ApplicationServices.framework/Versions/A/Frameworks/PrintCore.framework/Versions/A/PrintCore
0x00000001aaf28000 	/System/Library/Frameworks/ApplicationServices.framework/Versions/A/Frameworks/QD.framework/Versions/A/QD
0x00000001aaf20000 	/System/Library/Frameworks/ApplicationServices.framework/Versions/A/Frameworks/ColorSyncLegacy.framework/Versions/A/ColorSyncLegacy
0x00000001aab7d000 	/System/Library/Frameworks/ApplicationServices.framework/Versions/A/Frameworks/SpeechSynthesis.framework/Versions/A/SpeechSynthesis
0x00000001a99bc000 	/System/Library/Frameworks/ApplicationServices.framework/Versions/A/Frameworks/ATSUI.framework/Versions/A/ATSUI
0x00000001aaeb5000 	/usr/lib/libcups.2.dylib
0x00000001ab28f000 	/System/Library/Frameworks/Kerberos.framework/Versions/A/Kerberos
0x00000001ab2a0000 	/System/Library/Frameworks/GSS.framework/Versions/A/GSS
0x00000001aac01000 	/usr/lib/libresolv.9.dylib
0x00000001a900b000 	/System/Library/PrivateFrameworks/Heimdal.framework/Versions/A/Heimdal
0x00000001b1d5b000 	/System/Library/Frameworks/Kerberos.framework/Versions/A/Libraries/libHeimdalProxy.dylib
0x00000001a3b59000 	/System/Library/Frameworks/Network.framework/Versions/A/Network
0x00000001a8a5d000 	/usr/lib/libheimdal-asn1.dylib
0x00000001ab2f0000 	/System/Library/PrivateFrameworks/CommonAuth.framework/Versions/A/CommonAuth
0x00000001aaaf7000 	/System/Library/PrivateFrameworks/AudioSession.framework/Versions/A/AudioSession
0x00000001a8aef000 	/System/Library/PrivateFrameworks/MediaExperience.framework/Versions/A/MediaExperience
0x00000001aa97d000 	/System/Library/PrivateFrameworks/AudioSession.framework/libSessionUtility.dylib
0x00000001aaf34000 	/System/Library/PrivateFrameworks/AudioResourceArbitration.framework/Versions/A/AudioResourceArbitration
0x00000001af0ea000 	/System/Library/PrivateFrameworks/PowerLog.framework/Versions/A/PowerLog
0x00000001a8a67000 	/System/Library/PrivateFrameworks/IconFoundation.framework/Versions/A/IconFoundation
0x00000001ade33000 	/System/Library/PrivateFrameworks/SpeechRecognitionCore.framework/Versions/A/SpeechRecognitionCore
0x0000000106044000 	/Library/Java/JavaVirtualMachines/jdk-18.0.1.1.jdk/Contents/Home/lib/server/libjvm.dylib
0x0000000104ea4000 	/Library/Java/JavaVirtualMachines/jdk-18.0.1.1.jdk/Contents/Home/lib/libjimage.dylib
0x0000000104ed0000 	/Library/Java/JavaVirtualMachines/jdk-18.0.1.1.jdk/Contents/Home/lib/libinstrument.dylib
0x0000000104f1c000 	/Library/Java/JavaVirtualMachines/jdk-18.0.1.1.jdk/Contents/Home/lib/libjava.dylib
0x0000000105018000 	/Library/Java/JavaVirtualMachines/jdk-18.0.1.1.jdk/Contents/Home/lib/libnio.dylib
0x0000000105acc000 	/Library/Java/JavaVirtualMachines/jdk-18.0.1.1.jdk/Contents/Home/lib/libnet.dylib
0x0000000104f04000 	/Library/Java/JavaVirtualMachines/jdk-18.0.1.1.jdk/Contents/Home/lib/libzip.dylib
0x0000000105d00000 	/Users/wilsonyou/.openjfx/cache/18-ea/libprism_es2.dylib
0x000000019fcbf000 	/System/Library/PrivateFrameworks/CoreServicesInternal.framework/Versions/A/CoreServicesInternal
0x00000001fe94a000 	/System/Library/Frameworks/OpenGL.framework/Versions/A/Resources/GLEngine.bundle/GLEngine
0x00000001fe7d2000 	/System/Library/Frameworks/OpenGL.framework/Versions/A/Libraries/libGLProgrammability.dylib
0x0000000105eec000 	/System/Library/Extensions/AppleMetalOpenGLRenderer.bundle/Contents/MacOS/AppleMetalOpenGLRenderer
0x00000001feab9000 	/System/Library/Frameworks/OpenGL.framework/Versions/A/Resources/GLRendererFloat.bundle/GLRendererFloat
0x00000001e3a31000 	/System/Library/Extensions/AGXMetalG13X.bundle/Contents/MacOS/AGXMetalG13X
0x00000001bd5f2000 	/System/Library/PrivateFrameworks/GPURawCounter.framework/Versions/A/GPURawCounter
0x00000001b7cfc000 	/System/Library/PrivateFrameworks/IOGPU.framework/Versions/A/IOGPU
0x000000011b17c000 	/Users/wilsonyou/.openjfx/cache/18-ea/libglass.dylib
0x00000001af342000 	/System/Library/Frameworks/FileProvider.framework/Versions/A/FileProvider
0x00000001a3927000 	/System/Library/Frameworks/Accounts.framework/Versions/A/Accounts
0x00000001af4c6000 	/System/Library/PrivateFrameworks/GenerationalStorage.framework/Versions/A/GenerationalStorage
0x00000001b0089000 	/System/Library/PrivateFrameworks/CoreSymbolication.framework/Versions/A/CoreSymbolication
0x00000001af0de000 	/System/Library/PrivateFrameworks/SymptomDiagnosticReporter.framework/Versions/A/SymptomDiagnosticReporter
0x00000001a0faf000 	/System/Library/PrivateFrameworks/DesktopServicesPriv.framework/Versions/A/DesktopServicesPriv
0x000000019fe21000 	/usr/lib/libsandbox.1.dylib
0x00000001a49a2000 	/System/Library/PrivateFrameworks/UserManagement.framework/Versions/A/UserManagement
0x00000001b0046000 	/System/Library/PrivateFrameworks/DebugSymbols.framework/Versions/A/DebugSymbols
0x00000001aaf13000 	/System/Library/PrivateFrameworks/NetAuth.framework/Versions/A/NetAuth
0x00000001abe31000 	/System/Library/PrivateFrameworks/Sharing.framework/Versions/A/Sharing
0x00000001a4972000 	/System/Library/PrivateFrameworks/login.framework/Versions/A/Frameworks/loginsupport.framework/Versions/A/loginsupport
0x00000001b127b000 	/System/Library/PrivateFrameworks/Apple80211.framework/Versions/A/Apple80211
0x00000001a7afd000 	/System/Library/PrivateFrameworks/AuthKit.framework/Versions/A/AuthKit
0x00000001a717e000 	/System/Library/PrivateFrameworks/CoreUtils.framework/Versions/A/CoreUtils
0x00000001a70a1000 	/System/Library/Frameworks/CoreWLAN.framework/Versions/A/CoreWLAN
0x00000001abfa1000 	/System/Library/Frameworks/IOBluetooth.framework/Versions/A/IOBluetooth
0x00000001b12db000 	/System/Library/PrivateFrameworks/CoreWiFi.framework/Versions/A/CoreWiFi
0x00000001afc26000 	/System/Library/PrivateFrameworks/FrontBoardServices.framework/Versions/A/FrontBoardServices
0x00000001afcbe000 	/System/Library/PrivateFrameworks/BoardServices.framework/Versions/A/BoardServices
0x00000001a7398000 	/System/Library/PrivateFrameworks/AssertionServices.framework/Versions/A/AssertionServices
0x00000001b1458000 	/System/Library/PrivateFrameworks/BackBoardServices.framework/Versions/A/BackBoardServices
0x00000001ab387000 	/System/Library/PrivateFrameworks/CorePhoneNumbers.framework/Versions/A/CorePhoneNumbers
0x00000001af20e000 	/System/Library/PrivateFrameworks/DiskManagement.framework/Versions/A/DiskManagement
0x00000001af111000 	/System/Library/PrivateFrameworks/AppleIDAuthSupport.framework/Versions/A/AppleIDAuthSupport
0x00000002030d2000 	/System/Library/PrivateFrameworks/AAAFoundation.framework/Versions/A/AAAFoundation
0x00000001ab366000 	/System/Library/PrivateFrameworks/KeychainCircle.framework/Versions/A/KeychainCircle
0x00000001af1da000 	/System/Library/PrivateFrameworks/MediaKit.framework/Versions/A/MediaKit
0x00000001af11e000 	/System/Library/Frameworks/DiscRecording.framework/Versions/A/DiscRecording
0x00000001a8972000 	/usr/lib/libCoreStorage.dylib
0x00000001b1755000 	/usr/lib/libcsfde.dylib
0x00000001ac076000 	/System/Library/PrivateFrameworks/ProtectedCloudStorage.framework/Versions/A/ProtectedCloudStorage
0x00000001b174d000 	/System/Library/PrivateFrameworks/EFILogin.framework/Versions/A/EFILogin
0x00000001af4ed000 	/System/Library/PrivateFrameworks/OctagonTrust.framework/Versions/A/OctagonTrust
0x0000000207ca3000 	/System/Library/PrivateFrameworks/CoreUtilsExtras.framework/Versions/A/CoreUtilsExtras
0x00000001af043000 	/System/Library/Frameworks/CoreBluetooth.framework/Versions/A/CoreBluetooth
0x00000001b1de0000 	/System/Library/Frameworks/AudioUnit.framework/Versions/A/AudioUnit
0x00000001a896a000 	/usr/lib/libMatch.1.dylib
0x00000001c1a9e000 	/System/Library/Frameworks/Accelerate.framework/Versions/A/Frameworks/vImage.framework/Versions/A/Libraries/libCGInterfaces.dylib
0x000000011b1e4000 	/usr/lib/libobjc-trampolines.dylib
0x00000001a466c000 	/System/Library/PrivateFrameworks/ViewBridge.framework/Versions/A/ViewBridge
0x00000001a8830000 	/System/Library/PrivateFrameworks/CrashReporterSupport.framework/Versions/A/CrashReporterSupport
0x00000001c9517000 	/System/Library/PrivateFrameworks/OSAnalytics.framework/Versions/A/OSAnalytics
0x00000001d4815000 	/System/Library/PrivateFrameworks/Symbolication.framework/Versions/A/Symbolication
0x00000001bd5b3000 	/System/Library/PrivateFrameworks/MallocStackLogging.framework/Versions/A/MallocStackLogging
0x000000012972c000 	/Users/wilsonyou/.openjfx/cache/18-ea/libjavafx_font.dylib
0x00000001a90ce000 	/System/Library/PrivateFrameworks/login.framework/Versions/A/login


VM Arguments:
jvm_args: -Djava.library.path=/Users/wilsonyou/Downloads/javafx-sdk-18/lib -javaagent:/Applications/IntelliJ IDEA CE.app/Contents/lib/idea_rt.jar=63377:/Applications/IntelliJ IDEA CE.app/Contents/bin -Dfile.encoding=UTF-8 --module-path=/Users/wilsonyou/.m2/repository/org/openjfx/javafx-controls/17.0.0.1/javafx-controls-17.0.0.1-mac-aarch64.jar:/Users/wilsonyou/.m2/repository/org/openjfx/javafx-fxml/17.0.0.1/javafx-fxml-17.0.0.1-mac-aarch64.jar:/Users/wilsonyou/Desktop/HotelApp/target/classes:/Users/wilsonyou/Downloads/javafx-sdk-18/lib/javafx.fxml.jar:/Users/wilsonyou/.m2/repository/org/openjfx/javafx-graphics/17.0.0.1/javafx-graphics-17.0.0.1-mac-aarch64.jar:/Users/wilsonyou/Downloads/javafx-sdk-18/lib/javafx.controls.jar:/Users/wilsonyou/Downloads/javafx-sdk-18/lib/javafx.base.jar:/Users/wilsonyou/.m2/repository/org/openjfx/javafx-base/17.0.0.1/javafx-base-17.0.0.1-mac-aarch64.jar:/Users/wilsonyou/Downloads/javafx-sdk-18/lib/javafx.graphics.jar -Djdk.module.main=com.weixin.hotelapp 
java_command: com.weixin.hotelapp/com.weixin.hotelapp.Hotel
java_class_path (initial): /Users/wilsonyou/Downloads/javafx-sdk-18/lib/javafx-swt.jar:/Users/wilsonyou/Downloads/javafx-sdk-18/lib/javafx.media.jar:/Users/wilsonyou/Downloads/javafx-sdk-18/lib/javafx.swing.jar:/Users/wilsonyou/Downloads/javafx-sdk-18/lib/javafx.web.jar:/Users/wilsonyou/.m2/repository/org/openjfx/javafx-controls/17.0.0.1/javafx-controls-17.0.0.1.jar:/Users/wilsonyou/.m2/repository/org/openjfx/javafx-graphics/17.0.0.1/javafx-graphics-17.0.0.1.jar:/Users/wilsonyou/.m2/repository/org/openjfx/javafx-base/17.0.0.1/javafx-base-17.0.0.1.jar:/Users/wilsonyou/.m2/repository/org/openjfx/javafx-fxml/17.0.0.1/javafx-fxml-17.0.0.1.jar
Launcher Type: SUN_STANDARD

[Global flags]
     intx CICompilerCount                          = 4                                         {product} {ergonomic}
     uint ConcGCThreads                            = 2                                         {product} {ergonomic}
     uint G1ConcRefinementThreads                  = 9                                         {product} {ergonomic}
   size_t G1HeapRegionSize                         = 2097152                                   {product} {ergonomic}
    uintx GCDrainStackTargetSize                   = 64                                        {product} {ergonomic}
   size_t InitialHeapSize                          = 268435456                                 {product} {ergonomic}
   size_t MarkStackSize                            = 4194304                                   {product} {ergonomic}
   size_t MaxHeapSize                              = 4294967296                                {product} {ergonomic}
   size_t MaxNewSize                               = 2575302656                                {product} {ergonomic}
   size_t MinHeapDeltaBytes                        = 2097152                                   {product} {ergonomic}
   size_t MinHeapSize                              = 8388608                                   {product} {ergonomic}
    uintx NonNMethodCodeHeapSize                   = 5839564                                {pd product} {ergonomic}
    uintx NonProfiledCodeHeapSize                  = 122909338                              {pd product} {ergonomic}
    uintx ProfiledCodeHeapSize                     = 122909338                              {pd product} {ergonomic}
    uintx ReservedCodeCacheSize                    = 251658240                              {pd product} {ergonomic}
     bool SegmentedCodeCache                       = true                                      {product} {ergonomic}
   size_t SoftMaxHeapSize                          = 4294967296                             {manageable} {ergonomic}
     bool UseCompressedClassPointers               = true                           {product lp64_product} {ergonomic}
     bool UseCompressedOops                        = true                           {product lp64_product} {ergonomic}
     bool UseG1GC                                  = true                                      {product} {ergonomic}
     bool UseNUMA                                  = false                                     {product} {ergonomic}
     bool UseNUMAInterleaving                      = false                                     {product} {ergonomic}

Logging:
Log output configuration:
 #0: stdout all=warning uptime,level,tags foldmultilines=false
 #1: stderr all=off uptime,level,tags foldmultilines=false

Environment Variables:
PATH=/Users/wilsonyou/opt/anaconda3/bin:/Users/wilsonyou/opt/anaconda3/condabin:/Library/Frameworks/Python.framework/Versions/3.7/bin:/opt/homebrew/bin:/opt/homebrew/sbin:/usr/local/bin:/usr/bin:/bin:/usr/sbin:/sbin:/Applications/VMware Fusion Tech Preview.app/Contents/Public
SHELL=/bin/zsh
LC_CTYPE=en_CA.UTF-8

Signal Handlers:
   SIGSEGV: _ZL13crash_handleriP9__siginfoPv in libjvm.dylib, mask=11100110000111110111111111111111, flags=SA_RESTART|SA_SIGINFO
    SIGBUS: _ZL13crash_handleriP9__siginfoPv in libjvm.dylib, mask=11100110000111110111111111111111, flags=SA_RESTART|SA_SIGINFO
    SIGFPE: _ZL13crash_handleriP9__siginfoPv in libjvm.dylib, mask=11100110000111110111111111111111, flags=SA_RESTART|SA_SIGINFO
   SIGPIPE: _ZL17javaSignalHandleriP9__siginfoPv in libjvm.dylib, mask=11100110000111110111111111111111, flags=SA_RESTART|SA_SIGINFO
   SIGXFSZ: _ZL17javaSignalHandleriP9__siginfoPv in libjvm.dylib, mask=11100110000111110111111111111111, flags=SA_RESTART|SA_SIGINFO
    SIGILL: _ZL13crash_handleriP9__siginfoPv in libjvm.dylib, mask=11100110000111110111111111111111, flags=SA_RESTART|SA_SIGINFO
   SIGUSR2: _ZL10SR_handleriP9__siginfoP17__darwin_ucontext in libjvm.dylib, mask=00100000000000000000000000000000, flags=SA_RESTART|SA_SIGINFO
    SIGHUP: _ZL11UserHandleriPvS_ in libjvm.dylib, mask=11100110000111110111111111111111, flags=SA_RESTART|SA_SIGINFO
    SIGINT: _ZL11UserHandleriPvS_ in libjvm.dylib, mask=11100110000111110111111111111111, flags=SA_RESTART|SA_SIGINFO
   SIGTERM: _ZL11UserHandleriPvS_ in libjvm.dylib, mask=11100110000111110111111111111111, flags=SA_RESTART|SA_SIGINFO
   SIGQUIT: _ZL11UserHandleriPvS_ in libjvm.dylib, mask=11100110000111110111111111111111, flags=SA_RESTART|SA_SIGINFO
   SIGTRAP: _ZL13crash_handleriP9__siginfoPv in libjvm.dylib, mask=11100110000111110111111111111111, flags=SA_RESTART|SA_SIGINFO


---------------  S Y S T E M  ---------------

OS:
uname: Darwin 21.4.0 Darwin Kernel Version 21.4.0: Fri Mar 18 00:46:32 PDT 2022; root:xnu-8020.101.4~15/RELEASE_ARM64_T6000 arm64
OS uptime: 37 days 13:55 hours
rlimit (soft/hard): STACK 8176k/65520k , CORE 0k/infinity , NPROC 2666/4000 , NOFILE 10240/infinity , AS infinity/infinity , CPU infinity/infinity , DATA infinity/infinity , FSIZE infinity/infinity , MEMLOCK infinity/infinity , RSS infinity/infinity
load average: 3.96 3.31 3.27

CPU: total 10 (initial active 10) 0x61:0x0:0x1b588bb3:0, fp, simd, aes, pmull, crc, lse

Memory: 16k page, physical 16777216k(139584k free), swap 7340032k(666624k free)

vm_info: Java HotSpot(TM) 64-Bit Server VM (18.0.1.1+2-6) for bsd-aarch64 JRE (18.0.1.1+2-6), built on Apr 25 2022 20:54:58 by "mach5one" with clang Apple LLVM 12.0.0 (clang-1200.0.32.29)

END.
